2023-05-02 12:08:56,647 - mmseg - INFO - Multi-processing start method is `None`
2023-05-02 12:08:56,650 - mmseg - INFO - OpenCV num_threads is `96
2023-05-02 12:08:56,775 - mmseg - INFO - Environment info:
------------------------------------------------------------
sys.platform: linux
Python: 3.8.16 (default, Mar  2 2023, 03:21:46) [GCC 11.2.0]
CUDA available: True
GPU 0: NVIDIA GeForce RTX 3090
CUDA_HOME: None
GCC: gcc (Ubuntu 11.3.0-1ubuntu1~22.04) 11.3.0
PyTorch: 1.12.1+cu113
PyTorch compiling details: PyTorch built with:
  - GCC 9.3
  - C++ Version: 201402
  - Intel(R) Math Kernel Library Version 2020.0.0 Product Build 20191122 for Intel(R) 64 architecture applications
  - Intel(R) MKL-DNN v2.6.0 (Git Hash 52b5f107dd9cf10910aaa19cb47f3abf9b349815)
  - OpenMP 201511 (a.k.a. OpenMP 4.5)
  - LAPACK is enabled (usually provided by MKL)
  - NNPACK is enabled
  - CPU capability usage: AVX2
  - CUDA Runtime 11.3
  - NVCC architecture flags: -gencode;arch=compute_37,code=sm_37;-gencode;arch=compute_50,code=sm_50;-gencode;arch=compute_60,code=sm_60;-gencode;arch=compute_70,code=sm_70;-gencode;arch=compute_75,code=sm_75;-gencode;arch=compute_80,code=sm_80;-gencode;arch=compute_86,code=sm_86
  - CuDNN 8.3.2  (built against CUDA 11.5)
  - Magma 2.5.2
  - Build settings: BLAS_INFO=mkl, BUILD_TYPE=Release, CUDA_VERSION=11.3, CUDNN_VERSION=8.3.2, CXX_COMPILER=/opt/rh/devtoolset-9/root/usr/bin/c++, CXX_FLAGS= -fabi-version=11 -Wno-deprecated -fvisibility-inlines-hidden -DUSE_PTHREADPOOL -fopenmp -DNDEBUG -DUSE_KINETO -DUSE_FBGEMM -DUSE_QNNPACK -DUSE_PYTORCH_QNNPACK -DUSE_XNNPACK -DSYMBOLICATE_MOBILE_DEBUG_HANDLE -DEDGE_PROFILER_USE_KINETO -O2 -fPIC -Wno-narrowing -Wall -Wextra -Werror=return-type -Wno-missing-field-initializers -Wno-type-limits -Wno-array-bounds -Wno-unknown-pragmas -Wno-unused-parameter -Wno-unused-function -Wno-unused-result -Wno-unused-local-typedefs -Wno-strict-overflow -Wno-strict-aliasing -Wno-error=deprecated-declarations -Wno-stringop-overflow -Wno-psabi -Wno-error=pedantic -Wno-error=redundant-decls -Wno-error=old-style-cast -fdiagnostics-color=always -faligned-new -Wno-unused-but-set-variable -Wno-maybe-uninitialized -fno-math-errno -fno-trapping-math -Werror=format -Werror=cast-function-type -Wno-stringop-overflow, LAPACK_INFO=mkl, PERF_WITH_AVX=1, PERF_WITH_AVX2=1, PERF_WITH_AVX512=1, TORCH_VERSION=1.12.1, USE_CUDA=ON, USE_CUDNN=ON, USE_EXCEPTION_PTR=1, USE_GFLAGS=OFF, USE_GLOG=OFF, USE_MKL=ON, USE_MKLDNN=OFF, USE_MPI=OFF, USE_NCCL=ON, USE_NNPACK=ON, USE_OPENMP=ON, USE_ROCM=OFF, 

TorchVision: 0.13.1+cu113
OpenCV: 4.7.0
MMCV: 1.7.0
MMCV Compiler: GCC 9.3
MMCV CUDA Compiler: 11.3
MMSegmentation: 0.30.0+e7ed570
------------------------------------------------------------

2023-05-02 12:08:56,776 - mmseg - INFO - Distributed training: False
2023-05-02 12:08:57,685 - mmseg - INFO - Config:
norm_cfg = dict(type='BN', requires_grad=True)
model = dict(
    type='EncoderDecoder',
    pretrained=None,
    backbone=dict(
        type='STDCContextPathNet',
        backbone_cfg=dict(
            type='STDCNet',
            stdc_type='STDCNet1',
            in_channels=3,
            channels=(32, 64, 256, 512, 1024),
            bottleneck_type='cat',
            num_convs=4,
            norm_cfg=dict(type='BN', requires_grad=True),
            act_cfg=dict(type='ReLU'),
            with_final_conv=False,
            init_cfg=dict(
                type='Pretrained',
                checkpoint=
                'https://download.openmmlab.com/mmsegmentation/v0.5/pretrain/stdc/stdc1_20220308-5368626c.pth'
            )),
        last_in_channels=(1024, 512),
        out_channels=128,
        ffm_cfg=dict(in_channels=384, out_channels=256, scale_factor=4)),
    decode_head=dict(
        type='FCNHead',
        in_channels=256,
        channels=256,
        num_convs=1,
        num_classes=19,
        in_index=3,
        concat_input=False,
        dropout_ratio=0.1,
        norm_cfg=dict(type='BN', requires_grad=True),
        align_corners=True,
        sampler=dict(type='OHEMPixelSampler', thresh=0.7, min_kept=780000),
        loss_decode=dict(
            type='CrossEntropyLoss', use_sigmoid=False, loss_weight=1.0)),
    auxiliary_head=[
        dict(
            type='FCNHead',
            in_channels=128,
            channels=64,
            num_convs=1,
            num_classes=19,
            in_index=2,
            norm_cfg=dict(type='BN', requires_grad=True),
            concat_input=False,
            align_corners=False,
            sampler=dict(type='OHEMPixelSampler', thresh=0.7, min_kept=780000),
            loss_decode=dict(
                type='CrossEntropyLoss', use_sigmoid=False, loss_weight=1.0)),
        dict(
            type='FCNHead',
            in_channels=128,
            channels=64,
            num_convs=1,
            num_classes=19,
            in_index=1,
            norm_cfg=dict(type='BN', requires_grad=True),
            concat_input=False,
            align_corners=False,
            sampler=dict(type='OHEMPixelSampler', thresh=0.7, min_kept=780000),
            loss_decode=dict(
                type='CrossEntropyLoss', use_sigmoid=False, loss_weight=1.0)),
        dict(
            type='STDCHead',
            in_channels=256,
            channels=64,
            num_convs=1,
            num_classes=2,
            boundary_threshold=0.1,
            in_index=0,
            norm_cfg=dict(type='BN', requires_grad=True),
            concat_input=False,
            align_corners=True,
            loss_decode=[
                dict(
                    type='CrossEntropyLoss',
                    loss_name='loss_ce',
                    use_sigmoid=True,
                    loss_weight=1.0),
                dict(type='DiceLoss', loss_name='loss_dice', loss_weight=1.0)
            ])
    ],
    train_cfg=dict(),
    test_cfg=dict(mode='whole'))
dataset_type = 'CityscapesDataset'
data_root = 'data/cityscapes/'
img_norm_cfg = dict(
    mean=[123.675, 116.28, 103.53], std=[58.395, 57.12, 57.375], to_rgb=True)
crop_size = (512, 1024)
train_pipeline = [
    dict(type='LoadImageFromFile'),
    dict(type='LoadAnnotations'),
    dict(
        type='Resize',
        img_scale=(2048, 1024),
        ratio_range=(0.125, 1.5),
        scale_step_size=0.125),
    dict(type='RandomCrop', crop_size=(512, 1024), cat_max_ratio=0.75),
    dict(type='RandomFlip', prob=0.5),
    dict(type='PhotoMetricDistortion'),
    dict(
        type='Normalize',
        mean=[123.675, 116.28, 103.53],
        std=[58.395, 57.12, 57.375],
        to_rgb=True),
    dict(type='Pad', size=(512, 1024), pad_val=0, seg_pad_val=255),
    dict(type='DefaultFormatBundle'),
    dict(type='Collect', keys=['img', 'gt_semantic_seg'])
]
test_pipeline = [
    dict(type='LoadImageFromFile'),
    dict(
        type='MultiScaleFlipAug',
        img_scale=(1024, 512),
        flip=False,
        transforms=[
            dict(type='Resize', keep_ratio=True),
            dict(type='RandomFlip'),
            dict(
                type='Normalize',
                mean=[123.675, 116.28, 103.53],
                std=[58.395, 57.12, 57.375],
                to_rgb=True),
            dict(type='ImageToTensor', keys=['img']),
            dict(type='Collect', keys=['img'])
        ])
]
data = dict(
    samples_per_gpu=24,
    workers_per_gpu=4,
    train=dict(
        type='CityscapesDataset',
        data_root='data/cityscapes/',
        img_dir='leftImg8bit/train',
        ann_dir='gtFine/train',
        pipeline=[
            dict(type='LoadImageFromFile'),
            dict(type='LoadAnnotations'),
            dict(
                type='Resize',
                img_scale=(2048, 1024),
                ratio_range=(0.125, 1.5),
                scale_step_size=0.125),
            dict(type='RandomCrop', crop_size=(512, 1024), cat_max_ratio=0.75),
            dict(type='RandomFlip', prob=0.5),
            dict(type='PhotoMetricDistortion'),
            dict(
                type='Normalize',
                mean=[123.675, 116.28, 103.53],
                std=[58.395, 57.12, 57.375],
                to_rgb=True),
            dict(type='Pad', size=(512, 1024), pad_val=0, seg_pad_val=255),
            dict(type='DefaultFormatBundle'),
            dict(type='Collect', keys=['img', 'gt_semantic_seg'])
        ]),
    val=dict(
        type='CityscapesDataset',
        data_root='data/cityscapes/',
        img_dir='leftImg8bit/val',
        ann_dir='gtFine/val',
        pipeline=[
            dict(type='LoadImageFromFile'),
            dict(
                type='MultiScaleFlipAug',
                img_scale=(1024, 512),
                flip=False,
                transforms=[
                    dict(type='Resize', keep_ratio=True),
                    dict(type='RandomFlip'),
                    dict(
                        type='Normalize',
                        mean=[123.675, 116.28, 103.53],
                        std=[58.395, 57.12, 57.375],
                        to_rgb=True),
                    dict(type='ImageToTensor', keys=['img']),
                    dict(type='Collect', keys=['img'])
                ])
        ]),
    test=dict(
        type='CityscapesDataset',
        data_root='data/cityscapes/',
        img_dir='leftImg8bit/val',
        ann_dir='gtFine/val',
        pipeline=[
            dict(type='LoadImageFromFile'),
            dict(
                type='MultiScaleFlipAug',
                img_scale=(1024, 512),
                flip=False,
                transforms=[
                    dict(type='Resize', keep_ratio=True),
                    dict(type='RandomFlip'),
                    dict(
                        type='Normalize',
                        mean=[123.675, 116.28, 103.53],
                        std=[58.395, 57.12, 57.375],
                        to_rgb=True),
                    dict(type='ImageToTensor', keys=['img']),
                    dict(type='Collect', keys=['img'])
                ])
        ]))
log_config = dict(
    interval=50, hooks=[dict(type='TextLoggerHook', by_epoch=False)])
dist_params = dict(backend='nccl')
log_level = 'INFO'
load_from = None
resume_from = None
workflow = [('train', 1)]
cudnn_benchmark = True
optimizer = dict(
    type='SGD',
    lr=0.05,
    momentum=0.9,
    weight_decay=0.0005,
    paramwise_cfg=dict(
        custom_keys=dict(
            {
                'backbone.backbone': dict(lr_mult=0.1),
                'backbone.text_encoder': dict(lr_mult=0.0, decay_mult=0.0),
                '.bn.': dict(decay_mult=0.0)
            })))
optimizer_config = dict()
lr_config = dict(
    policy='poly',
    power=0.9,
    min_lr=1e-06,
    by_epoch=False,
    warmup='linear',
    warmup_iters=1000,
    warmup_ratio=1e-05)
runner = dict(type='IterBasedRunner', max_iters=160000)
checkpoint_config = dict(by_epoch=False, interval=16000)
evaluation = dict(interval=16000, metric='mIoU', pre_eval=True)
checkpoint = 'https://download.openmmlab.com/mmsegmentation/v0.5/pretrain/stdc/stdc1_20220308-5368626c.pth'
work_dir = './work_dirs/stdc1_1x24_512x1024_scale0.5_160k_cityscapes'
gpu_ids = [0]
auto_resume = False

2023-05-02 12:08:57,686 - mmseg - INFO - Set random seed to 886962079, deterministic: False
2023-05-02 12:08:57,730 - mmseg - INFO - Loaded 2975 images
2023-05-02 12:08:58,866 - mmseg - INFO - initialize STDCNet with init_cfg {'type': 'Pretrained', 'checkpoint': 'https://download.openmmlab.com/mmsegmentation/v0.5/pretrain/stdc/stdc1_20220308-5368626c.pth'}
2023-05-02 12:08:59,242 - mmseg - INFO - initialize FCNHead with init_cfg {'type': 'Normal', 'std': 0.01, 'override': {'name': 'conv_seg'}}
Name of parameter - Initialization information

backbone.backbone.stages.0.conv.weight - torch.Size([32, 3, 3, 3]): 
PretrainedInit: load from https://download.openmmlab.com/mmsegmentation/v0.5/pretrain/stdc/stdc1_20220308-5368626c.pth 

backbone.backbone.stages.0.bn.weight - torch.Size([32]): 
PretrainedInit: load from https://download.openmmlab.com/mmsegmentation/v0.5/pretrain/stdc/stdc1_20220308-5368626c.pth 

backbone.backbone.stages.0.bn.bias - torch.Size([32]): 
PretrainedInit: load from https://download.openmmlab.com/mmsegmentation/v0.5/pretrain/stdc/stdc1_20220308-5368626c.pth 

backbone.backbone.stages.1.conv.weight - torch.Size([64, 32, 3, 3]): 
PretrainedInit: load from https://download.openmmlab.com/mmsegmentation/v0.5/pretrain/stdc/stdc1_20220308-5368626c.pth 

backbone.backbone.stages.1.bn.weight - torch.Size([64]): 
PretrainedInit: load from https://download.openmmlab.com/mmsegmentation/v0.5/pretrain/stdc/stdc1_20220308-5368626c.pth 

backbone.backbone.stages.1.bn.bias - torch.Size([64]): 
PretrainedInit: load from https://download.openmmlab.com/mmsegmentation/v0.5/pretrain/stdc/stdc1_20220308-5368626c.pth 

backbone.backbone.stages.2.0.layers.0.conv.weight - torch.Size([128, 64, 1, 1]): 
PretrainedInit: load from https://download.openmmlab.com/mmsegmentation/v0.5/pretrain/stdc/stdc1_20220308-5368626c.pth 

backbone.backbone.stages.2.0.layers.0.bn.weight - torch.Size([128]): 
PretrainedInit: load from https://download.openmmlab.com/mmsegmentation/v0.5/pretrain/stdc/stdc1_20220308-5368626c.pth 

backbone.backbone.stages.2.0.layers.0.bn.bias - torch.Size([128]): 
PretrainedInit: load from https://download.openmmlab.com/mmsegmentation/v0.5/pretrain/stdc/stdc1_20220308-5368626c.pth 

backbone.backbone.stages.2.0.layers.1.conv.weight - torch.Size([64, 128, 3, 3]): 
PretrainedInit: load from https://download.openmmlab.com/mmsegmentation/v0.5/pretrain/stdc/stdc1_20220308-5368626c.pth 

backbone.backbone.stages.2.0.layers.1.bn.weight - torch.Size([64]): 
PretrainedInit: load from https://download.openmmlab.com/mmsegmentation/v0.5/pretrain/stdc/stdc1_20220308-5368626c.pth 

backbone.backbone.stages.2.0.layers.1.bn.bias - torch.Size([64]): 
PretrainedInit: load from https://download.openmmlab.com/mmsegmentation/v0.5/pretrain/stdc/stdc1_20220308-5368626c.pth 

backbone.backbone.stages.2.0.layers.2.conv.weight - torch.Size([32, 64, 3, 3]): 
PretrainedInit: load from https://download.openmmlab.com/mmsegmentation/v0.5/pretrain/stdc/stdc1_20220308-5368626c.pth 

backbone.backbone.stages.2.0.layers.2.bn.weight - torch.Size([32]): 
PretrainedInit: load from https://download.openmmlab.com/mmsegmentation/v0.5/pretrain/stdc/stdc1_20220308-5368626c.pth 

backbone.backbone.stages.2.0.layers.2.bn.bias - torch.Size([32]): 
PretrainedInit: load from https://download.openmmlab.com/mmsegmentation/v0.5/pretrain/stdc/stdc1_20220308-5368626c.pth 

backbone.backbone.stages.2.0.layers.3.conv.weight - torch.Size([32, 32, 3, 3]): 
PretrainedInit: load from https://download.openmmlab.com/mmsegmentation/v0.5/pretrain/stdc/stdc1_20220308-5368626c.pth 

backbone.backbone.stages.2.0.layers.3.bn.weight - torch.Size([32]): 
PretrainedInit: load from https://download.openmmlab.com/mmsegmentation/v0.5/pretrain/stdc/stdc1_20220308-5368626c.pth 

backbone.backbone.stages.2.0.layers.3.bn.bias - torch.Size([32]): 
PretrainedInit: load from https://download.openmmlab.com/mmsegmentation/v0.5/pretrain/stdc/stdc1_20220308-5368626c.pth 

backbone.backbone.stages.2.0.downsample.conv.weight - torch.Size([128, 1, 3, 3]): 
PretrainedInit: load from https://download.openmmlab.com/mmsegmentation/v0.5/pretrain/stdc/stdc1_20220308-5368626c.pth 

backbone.backbone.stages.2.0.downsample.bn.weight - torch.Size([128]): 
PretrainedInit: load from https://download.openmmlab.com/mmsegmentation/v0.5/pretrain/stdc/stdc1_20220308-5368626c.pth 

backbone.backbone.stages.2.0.downsample.bn.bias - torch.Size([128]): 
PretrainedInit: load from https://download.openmmlab.com/mmsegmentation/v0.5/pretrain/stdc/stdc1_20220308-5368626c.pth 

backbone.backbone.stages.2.1.layers.0.conv.weight - torch.Size([128, 256, 1, 1]): 
PretrainedInit: load from https://download.openmmlab.com/mmsegmentation/v0.5/pretrain/stdc/stdc1_20220308-5368626c.pth 

backbone.backbone.stages.2.1.layers.0.bn.weight - torch.Size([128]): 
PretrainedInit: load from https://download.openmmlab.com/mmsegmentation/v0.5/pretrain/stdc/stdc1_20220308-5368626c.pth 

backbone.backbone.stages.2.1.layers.0.bn.bias - torch.Size([128]): 
PretrainedInit: load from https://download.openmmlab.com/mmsegmentation/v0.5/pretrain/stdc/stdc1_20220308-5368626c.pth 

backbone.backbone.stages.2.1.layers.1.conv.weight - torch.Size([64, 128, 3, 3]): 
PretrainedInit: load from https://download.openmmlab.com/mmsegmentation/v0.5/pretrain/stdc/stdc1_20220308-5368626c.pth 

backbone.backbone.stages.2.1.layers.1.bn.weight - torch.Size([64]): 
PretrainedInit: load from https://download.openmmlab.com/mmsegmentation/v0.5/pretrain/stdc/stdc1_20220308-5368626c.pth 

backbone.backbone.stages.2.1.layers.1.bn.bias - torch.Size([64]): 
PretrainedInit: load from https://download.openmmlab.com/mmsegmentation/v0.5/pretrain/stdc/stdc1_20220308-5368626c.pth 

backbone.backbone.stages.2.1.layers.2.conv.weight - torch.Size([32, 64, 3, 3]): 
PretrainedInit: load from https://download.openmmlab.com/mmsegmentation/v0.5/pretrain/stdc/stdc1_20220308-5368626c.pth 

backbone.backbone.stages.2.1.layers.2.bn.weight - torch.Size([32]): 
PretrainedInit: load from https://download.openmmlab.com/mmsegmentation/v0.5/pretrain/stdc/stdc1_20220308-5368626c.pth 

backbone.backbone.stages.2.1.layers.2.bn.bias - torch.Size([32]): 
PretrainedInit: load from https://download.openmmlab.com/mmsegmentation/v0.5/pretrain/stdc/stdc1_20220308-5368626c.pth 

backbone.backbone.stages.2.1.layers.3.conv.weight - torch.Size([32, 32, 3, 3]): 
PretrainedInit: load from https://download.openmmlab.com/mmsegmentation/v0.5/pretrain/stdc/stdc1_20220308-5368626c.pth 

backbone.backbone.stages.2.1.layers.3.bn.weight - torch.Size([32]): 
PretrainedInit: load from https://download.openmmlab.com/mmsegmentation/v0.5/pretrain/stdc/stdc1_20220308-5368626c.pth 

backbone.backbone.stages.2.1.layers.3.bn.bias - torch.Size([32]): 
PretrainedInit: load from https://download.openmmlab.com/mmsegmentation/v0.5/pretrain/stdc/stdc1_20220308-5368626c.pth 

backbone.backbone.stages.3.0.layers.0.conv.weight - torch.Size([256, 256, 1, 1]): 
PretrainedInit: load from https://download.openmmlab.com/mmsegmentation/v0.5/pretrain/stdc/stdc1_20220308-5368626c.pth 

backbone.backbone.stages.3.0.layers.0.bn.weight - torch.Size([256]): 
PretrainedInit: load from https://download.openmmlab.com/mmsegmentation/v0.5/pretrain/stdc/stdc1_20220308-5368626c.pth 

backbone.backbone.stages.3.0.layers.0.bn.bias - torch.Size([256]): 
PretrainedInit: load from https://download.openmmlab.com/mmsegmentation/v0.5/pretrain/stdc/stdc1_20220308-5368626c.pth 

backbone.backbone.stages.3.0.layers.1.conv.weight - torch.Size([128, 256, 3, 3]): 
PretrainedInit: load from https://download.openmmlab.com/mmsegmentation/v0.5/pretrain/stdc/stdc1_20220308-5368626c.pth 

backbone.backbone.stages.3.0.layers.1.bn.weight - torch.Size([128]): 
PretrainedInit: load from https://download.openmmlab.com/mmsegmentation/v0.5/pretrain/stdc/stdc1_20220308-5368626c.pth 

backbone.backbone.stages.3.0.layers.1.bn.bias - torch.Size([128]): 
PretrainedInit: load from https://download.openmmlab.com/mmsegmentation/v0.5/pretrain/stdc/stdc1_20220308-5368626c.pth 

backbone.backbone.stages.3.0.layers.2.conv.weight - torch.Size([64, 128, 3, 3]): 
PretrainedInit: load from https://download.openmmlab.com/mmsegmentation/v0.5/pretrain/stdc/stdc1_20220308-5368626c.pth 

backbone.backbone.stages.3.0.layers.2.bn.weight - torch.Size([64]): 
PretrainedInit: load from https://download.openmmlab.com/mmsegmentation/v0.5/pretrain/stdc/stdc1_20220308-5368626c.pth 

backbone.backbone.stages.3.0.layers.2.bn.bias - torch.Size([64]): 
PretrainedInit: load from https://download.openmmlab.com/mmsegmentation/v0.5/pretrain/stdc/stdc1_20220308-5368626c.pth 

backbone.backbone.stages.3.0.layers.3.conv.weight - torch.Size([64, 64, 3, 3]): 
PretrainedInit: load from https://download.openmmlab.com/mmsegmentation/v0.5/pretrain/stdc/stdc1_20220308-5368626c.pth 

backbone.backbone.stages.3.0.layers.3.bn.weight - torch.Size([64]): 
PretrainedInit: load from https://download.openmmlab.com/mmsegmentation/v0.5/pretrain/stdc/stdc1_20220308-5368626c.pth 

backbone.backbone.stages.3.0.layers.3.bn.bias - torch.Size([64]): 
PretrainedInit: load from https://download.openmmlab.com/mmsegmentation/v0.5/pretrain/stdc/stdc1_20220308-5368626c.pth 

backbone.backbone.stages.3.0.downsample.conv.weight - torch.Size([256, 1, 3, 3]): 
PretrainedInit: load from https://download.openmmlab.com/mmsegmentation/v0.5/pretrain/stdc/stdc1_20220308-5368626c.pth 

backbone.backbone.stages.3.0.downsample.bn.weight - torch.Size([256]): 
PretrainedInit: load from https://download.openmmlab.com/mmsegmentation/v0.5/pretrain/stdc/stdc1_20220308-5368626c.pth 

backbone.backbone.stages.3.0.downsample.bn.bias - torch.Size([256]): 
PretrainedInit: load from https://download.openmmlab.com/mmsegmentation/v0.5/pretrain/stdc/stdc1_20220308-5368626c.pth 

backbone.backbone.stages.3.1.layers.0.conv.weight - torch.Size([256, 512, 1, 1]): 
PretrainedInit: load from https://download.openmmlab.com/mmsegmentation/v0.5/pretrain/stdc/stdc1_20220308-5368626c.pth 

backbone.backbone.stages.3.1.layers.0.bn.weight - torch.Size([256]): 
PretrainedInit: load from https://download.openmmlab.com/mmsegmentation/v0.5/pretrain/stdc/stdc1_20220308-5368626c.pth 

backbone.backbone.stages.3.1.layers.0.bn.bias - torch.Size([256]): 
PretrainedInit: load from https://download.openmmlab.com/mmsegmentation/v0.5/pretrain/stdc/stdc1_20220308-5368626c.pth 

backbone.backbone.stages.3.1.layers.1.conv.weight - torch.Size([128, 256, 3, 3]): 
PretrainedInit: load from https://download.openmmlab.com/mmsegmentation/v0.5/pretrain/stdc/stdc1_20220308-5368626c.pth 

backbone.backbone.stages.3.1.layers.1.bn.weight - torch.Size([128]): 
PretrainedInit: load from https://download.openmmlab.com/mmsegmentation/v0.5/pretrain/stdc/stdc1_20220308-5368626c.pth 

backbone.backbone.stages.3.1.layers.1.bn.bias - torch.Size([128]): 
PretrainedInit: load from https://download.openmmlab.com/mmsegmentation/v0.5/pretrain/stdc/stdc1_20220308-5368626c.pth 

backbone.backbone.stages.3.1.layers.2.conv.weight - torch.Size([64, 128, 3, 3]): 
PretrainedInit: load from https://download.openmmlab.com/mmsegmentation/v0.5/pretrain/stdc/stdc1_20220308-5368626c.pth 

backbone.backbone.stages.3.1.layers.2.bn.weight - torch.Size([64]): 
PretrainedInit: load from https://download.openmmlab.com/mmsegmentation/v0.5/pretrain/stdc/stdc1_20220308-5368626c.pth 

backbone.backbone.stages.3.1.layers.2.bn.bias - torch.Size([64]): 
PretrainedInit: load from https://download.openmmlab.com/mmsegmentation/v0.5/pretrain/stdc/stdc1_20220308-5368626c.pth 

backbone.backbone.stages.3.1.layers.3.conv.weight - torch.Size([64, 64, 3, 3]): 
PretrainedInit: load from https://download.openmmlab.com/mmsegmentation/v0.5/pretrain/stdc/stdc1_20220308-5368626c.pth 

backbone.backbone.stages.3.1.layers.3.bn.weight - torch.Size([64]): 
PretrainedInit: load from https://download.openmmlab.com/mmsegmentation/v0.5/pretrain/stdc/stdc1_20220308-5368626c.pth 

backbone.backbone.stages.3.1.layers.3.bn.bias - torch.Size([64]): 
PretrainedInit: load from https://download.openmmlab.com/mmsegmentation/v0.5/pretrain/stdc/stdc1_20220308-5368626c.pth 

backbone.backbone.stages.4.0.layers.0.conv.weight - torch.Size([512, 512, 1, 1]): 
PretrainedInit: load from https://download.openmmlab.com/mmsegmentation/v0.5/pretrain/stdc/stdc1_20220308-5368626c.pth 

backbone.backbone.stages.4.0.layers.0.bn.weight - torch.Size([512]): 
PretrainedInit: load from https://download.openmmlab.com/mmsegmentation/v0.5/pretrain/stdc/stdc1_20220308-5368626c.pth 

backbone.backbone.stages.4.0.layers.0.bn.bias - torch.Size([512]): 
PretrainedInit: load from https://download.openmmlab.com/mmsegmentation/v0.5/pretrain/stdc/stdc1_20220308-5368626c.pth 

backbone.backbone.stages.4.0.layers.1.conv.weight - torch.Size([256, 512, 3, 3]): 
PretrainedInit: load from https://download.openmmlab.com/mmsegmentation/v0.5/pretrain/stdc/stdc1_20220308-5368626c.pth 

backbone.backbone.stages.4.0.layers.1.bn.weight - torch.Size([256]): 
PretrainedInit: load from https://download.openmmlab.com/mmsegmentation/v0.5/pretrain/stdc/stdc1_20220308-5368626c.pth 

backbone.backbone.stages.4.0.layers.1.bn.bias - torch.Size([256]): 
PretrainedInit: load from https://download.openmmlab.com/mmsegmentation/v0.5/pretrain/stdc/stdc1_20220308-5368626c.pth 

backbone.backbone.stages.4.0.layers.2.conv.weight - torch.Size([128, 256, 3, 3]): 
PretrainedInit: load from https://download.openmmlab.com/mmsegmentation/v0.5/pretrain/stdc/stdc1_20220308-5368626c.pth 

backbone.backbone.stages.4.0.layers.2.bn.weight - torch.Size([128]): 
PretrainedInit: load from https://download.openmmlab.com/mmsegmentation/v0.5/pretrain/stdc/stdc1_20220308-5368626c.pth 

backbone.backbone.stages.4.0.layers.2.bn.bias - torch.Size([128]): 
PretrainedInit: load from https://download.openmmlab.com/mmsegmentation/v0.5/pretrain/stdc/stdc1_20220308-5368626c.pth 

backbone.backbone.stages.4.0.layers.3.conv.weight - torch.Size([128, 128, 3, 3]): 
PretrainedInit: load from https://download.openmmlab.com/mmsegmentation/v0.5/pretrain/stdc/stdc1_20220308-5368626c.pth 

backbone.backbone.stages.4.0.layers.3.bn.weight - torch.Size([128]): 
PretrainedInit: load from https://download.openmmlab.com/mmsegmentation/v0.5/pretrain/stdc/stdc1_20220308-5368626c.pth 

backbone.backbone.stages.4.0.layers.3.bn.bias - torch.Size([128]): 
PretrainedInit: load from https://download.openmmlab.com/mmsegmentation/v0.5/pretrain/stdc/stdc1_20220308-5368626c.pth 

backbone.backbone.stages.4.0.downsample.conv.weight - torch.Size([512, 1, 3, 3]): 
PretrainedInit: load from https://download.openmmlab.com/mmsegmentation/v0.5/pretrain/stdc/stdc1_20220308-5368626c.pth 

backbone.backbone.stages.4.0.downsample.bn.weight - torch.Size([512]): 
PretrainedInit: load from https://download.openmmlab.com/mmsegmentation/v0.5/pretrain/stdc/stdc1_20220308-5368626c.pth 

backbone.backbone.stages.4.0.downsample.bn.bias - torch.Size([512]): 
PretrainedInit: load from https://download.openmmlab.com/mmsegmentation/v0.5/pretrain/stdc/stdc1_20220308-5368626c.pth 

backbone.backbone.stages.4.1.layers.0.conv.weight - torch.Size([512, 1024, 1, 1]): 
PretrainedInit: load from https://download.openmmlab.com/mmsegmentation/v0.5/pretrain/stdc/stdc1_20220308-5368626c.pth 

backbone.backbone.stages.4.1.layers.0.bn.weight - torch.Size([512]): 
PretrainedInit: load from https://download.openmmlab.com/mmsegmentation/v0.5/pretrain/stdc/stdc1_20220308-5368626c.pth 

backbone.backbone.stages.4.1.layers.0.bn.bias - torch.Size([512]): 
PretrainedInit: load from https://download.openmmlab.com/mmsegmentation/v0.5/pretrain/stdc/stdc1_20220308-5368626c.pth 

backbone.backbone.stages.4.1.layers.1.conv.weight - torch.Size([256, 512, 3, 3]): 
PretrainedInit: load from https://download.openmmlab.com/mmsegmentation/v0.5/pretrain/stdc/stdc1_20220308-5368626c.pth 

backbone.backbone.stages.4.1.layers.1.bn.weight - torch.Size([256]): 
PretrainedInit: load from https://download.openmmlab.com/mmsegmentation/v0.5/pretrain/stdc/stdc1_20220308-5368626c.pth 

backbone.backbone.stages.4.1.layers.1.bn.bias - torch.Size([256]): 
PretrainedInit: load from https://download.openmmlab.com/mmsegmentation/v0.5/pretrain/stdc/stdc1_20220308-5368626c.pth 

backbone.backbone.stages.4.1.layers.2.conv.weight - torch.Size([128, 256, 3, 3]): 
PretrainedInit: load from https://download.openmmlab.com/mmsegmentation/v0.5/pretrain/stdc/stdc1_20220308-5368626c.pth 

backbone.backbone.stages.4.1.layers.2.bn.weight - torch.Size([128]): 
PretrainedInit: load from https://download.openmmlab.com/mmsegmentation/v0.5/pretrain/stdc/stdc1_20220308-5368626c.pth 

backbone.backbone.stages.4.1.layers.2.bn.bias - torch.Size([128]): 
PretrainedInit: load from https://download.openmmlab.com/mmsegmentation/v0.5/pretrain/stdc/stdc1_20220308-5368626c.pth 

backbone.backbone.stages.4.1.layers.3.conv.weight - torch.Size([128, 128, 3, 3]): 
PretrainedInit: load from https://download.openmmlab.com/mmsegmentation/v0.5/pretrain/stdc/stdc1_20220308-5368626c.pth 

backbone.backbone.stages.4.1.layers.3.bn.weight - torch.Size([128]): 
PretrainedInit: load from https://download.openmmlab.com/mmsegmentation/v0.5/pretrain/stdc/stdc1_20220308-5368626c.pth 

backbone.backbone.stages.4.1.layers.3.bn.bias - torch.Size([128]): 
PretrainedInit: load from https://download.openmmlab.com/mmsegmentation/v0.5/pretrain/stdc/stdc1_20220308-5368626c.pth 

backbone.arms.0.conv_layer.conv.weight - torch.Size([128, 1024, 3, 3]): 
Initialized by user-defined `init_weights` in ConvModule  

backbone.arms.0.conv_layer.bn.weight - torch.Size([128]): 
The value is the same before and after calling `init_weights` of EncoderDecoder  

backbone.arms.0.conv_layer.bn.bias - torch.Size([128]): 
The value is the same before and after calling `init_weights` of EncoderDecoder  

backbone.arms.0.atten_conv_layer.1.conv.weight - torch.Size([128, 128, 1, 1]): 
The value is the same before and after calling `init_weights` of EncoderDecoder  

backbone.arms.0.atten_conv_layer.1.bn.weight - torch.Size([128]): 
The value is the same before and after calling `init_weights` of EncoderDecoder  

backbone.arms.0.atten_conv_layer.1.bn.bias - torch.Size([128]): 
The value is the same before and after calling `init_weights` of EncoderDecoder  

backbone.arms.1.conv_layer.conv.weight - torch.Size([128, 512, 3, 3]): 
Initialized by user-defined `init_weights` in ConvModule  

backbone.arms.1.conv_layer.bn.weight - torch.Size([128]): 
The value is the same before and after calling `init_weights` of EncoderDecoder  

backbone.arms.1.conv_layer.bn.bias - torch.Size([128]): 
The value is the same before and after calling `init_weights` of EncoderDecoder  

backbone.arms.1.atten_conv_layer.1.conv.weight - torch.Size([128, 128, 1, 1]): 
The value is the same before and after calling `init_weights` of EncoderDecoder  

backbone.arms.1.atten_conv_layer.1.bn.weight - torch.Size([128]): 
The value is the same before and after calling `init_weights` of EncoderDecoder  

backbone.arms.1.atten_conv_layer.1.bn.bias - torch.Size([128]): 
The value is the same before and after calling `init_weights` of EncoderDecoder  

backbone.convs.0.conv.weight - torch.Size([128, 128, 3, 3]): 
Initialized by user-defined `init_weights` in ConvModule  

backbone.convs.0.bn.weight - torch.Size([128]): 
The value is the same before and after calling `init_weights` of EncoderDecoder  

backbone.convs.0.bn.bias - torch.Size([128]): 
The value is the same before and after calling `init_weights` of EncoderDecoder  

backbone.convs.1.conv.weight - torch.Size([128, 128, 3, 3]): 
Initialized by user-defined `init_weights` in ConvModule  

backbone.convs.1.bn.weight - torch.Size([128]): 
The value is the same before and after calling `init_weights` of EncoderDecoder  

backbone.convs.1.bn.bias - torch.Size([128]): 
The value is the same before and after calling `init_weights` of EncoderDecoder  

backbone.conv_avg.conv.weight - torch.Size([128, 1024, 1, 1]): 
Initialized by user-defined `init_weights` in ConvModule  

backbone.conv_avg.bn.weight - torch.Size([128]): 
The value is the same before and after calling `init_weights` of EncoderDecoder  

backbone.conv_avg.bn.bias - torch.Size([128]): 
The value is the same before and after calling `init_weights` of EncoderDecoder  

backbone.ffm.conv0.conv.weight - torch.Size([256, 384, 1, 1]): 
Initialized by user-defined `init_weights` in ConvModule  

backbone.ffm.conv0.bn.weight - torch.Size([256]): 
The value is the same before and after calling `init_weights` of EncoderDecoder  

backbone.ffm.conv0.bn.bias - torch.Size([256]): 
The value is the same before and after calling `init_weights` of EncoderDecoder  

backbone.ffm.attention.1.conv.weight - torch.Size([64, 256, 1, 1]): 
The value is the same before and after calling `init_weights` of EncoderDecoder  

backbone.ffm.attention.2.conv.weight - torch.Size([256, 64, 1, 1]): 
The value is the same before and after calling `init_weights` of EncoderDecoder  

decode_head.conv_seg.weight - torch.Size([19, 256, 1, 1]): 
NormalInit: mean=0, std=0.01, bias=0 

decode_head.conv_seg.bias - torch.Size([19]): 
NormalInit: mean=0, std=0.01, bias=0 

decode_head.convs.0.conv.weight - torch.Size([256, 256, 3, 3]): 
The value is the same before and after calling `init_weights` of EncoderDecoder  

decode_head.convs.0.bn.weight - torch.Size([256]): 
The value is the same before and after calling `init_weights` of EncoderDecoder  

decode_head.convs.0.bn.bias - torch.Size([256]): 
The value is the same before and after calling `init_weights` of EncoderDecoder  

auxiliary_head.0.conv_seg.weight - torch.Size([19, 64, 1, 1]): 
The value is the same before and after calling `init_weights` of EncoderDecoder  

auxiliary_head.0.conv_seg.bias - torch.Size([19]): 
The value is the same before and after calling `init_weights` of EncoderDecoder  

auxiliary_head.0.convs.0.conv.weight - torch.Size([64, 128, 3, 3]): 
The value is the same before and after calling `init_weights` of EncoderDecoder  

auxiliary_head.0.convs.0.bn.weight - torch.Size([64]): 
The value is the same before and after calling `init_weights` of EncoderDecoder  

auxiliary_head.0.convs.0.bn.bias - torch.Size([64]): 
The value is the same before and after calling `init_weights` of EncoderDecoder  

auxiliary_head.1.conv_seg.weight - torch.Size([19, 64, 1, 1]): 
The value is the same before and after calling `init_weights` of EncoderDecoder  

auxiliary_head.1.conv_seg.bias - torch.Size([19]): 
The value is the same before and after calling `init_weights` of EncoderDecoder  

auxiliary_head.1.convs.0.conv.weight - torch.Size([64, 128, 3, 3]): 
The value is the same before and after calling `init_weights` of EncoderDecoder  

auxiliary_head.1.convs.0.bn.weight - torch.Size([64]): 
The value is the same before and after calling `init_weights` of EncoderDecoder  

auxiliary_head.1.convs.0.bn.bias - torch.Size([64]): 
The value is the same before and after calling `init_weights` of EncoderDecoder  

auxiliary_head.2.fusion_kernel - torch.Size([1, 3, 1, 1]): 
The value is the same before and after calling `init_weights` of EncoderDecoder  

auxiliary_head.2.conv_seg.weight - torch.Size([2, 64, 1, 1]): 
The value is the same before and after calling `init_weights` of EncoderDecoder  

auxiliary_head.2.conv_seg.bias - torch.Size([2]): 
The value is the same before and after calling `init_weights` of EncoderDecoder  

auxiliary_head.2.convs.0.conv.weight - torch.Size([64, 256, 3, 3]): 
The value is the same before and after calling `init_weights` of EncoderDecoder  

auxiliary_head.2.convs.0.bn.weight - torch.Size([64]): 
The value is the same before and after calling `init_weights` of EncoderDecoder  

auxiliary_head.2.convs.0.bn.bias - torch.Size([64]): 
The value is the same before and after calling `init_weights` of EncoderDecoder  
2023-05-02 12:08:59,246 - mmseg - INFO - EncoderDecoder(
  (backbone): STDCContextPathNet(
    (backbone): STDCNet(
      (stages): ModuleList(
        (0): ConvModule(
          (conv): Conv2d(3, 32, kernel_size=(3, 3), stride=(2, 2), padding=(1, 1), bias=False)
          (bn): BatchNorm2d(32, eps=1e-05, momentum=0.1, affine=True, track_running_stats=True)
          (activate): ReLU(inplace=True)
        )
        (1): ConvModule(
          (conv): Conv2d(32, 64, kernel_size=(3, 3), stride=(2, 2), padding=(1, 1), bias=False)
          (bn): BatchNorm2d(64, eps=1e-05, momentum=0.1, affine=True, track_running_stats=True)
          (activate): ReLU(inplace=True)
        )
        (2): Sequential(
          (0): STDCModule(
            (layers): ModuleList(
              (0): ConvModule(
                (conv): Conv2d(64, 128, kernel_size=(1, 1), stride=(1, 1), bias=False)
                (bn): BatchNorm2d(128, eps=1e-05, momentum=0.1, affine=True, track_running_stats=True)
                (activate): ReLU(inplace=True)
              )
              (1): ConvModule(
                (conv): Conv2d(128, 64, kernel_size=(3, 3), stride=(1, 1), padding=(1, 1), bias=False)
                (bn): BatchNorm2d(64, eps=1e-05, momentum=0.1, affine=True, track_running_stats=True)
                (activate): ReLU(inplace=True)
              )
              (2): ConvModule(
                (conv): Conv2d(64, 32, kernel_size=(3, 3), stride=(1, 1), padding=(1, 1), bias=False)
                (bn): BatchNorm2d(32, eps=1e-05, momentum=0.1, affine=True, track_running_stats=True)
                (activate): ReLU(inplace=True)
              )
              (3): ConvModule(
                (conv): Conv2d(32, 32, kernel_size=(3, 3), stride=(1, 1), padding=(1, 1), bias=False)
                (bn): BatchNorm2d(32, eps=1e-05, momentum=0.1, affine=True, track_running_stats=True)
                (activate): ReLU(inplace=True)
              )
            )
            (downsample): ConvModule(
              (conv): Conv2d(128, 128, kernel_size=(3, 3), stride=(2, 2), padding=(1, 1), groups=128, bias=False)
              (bn): BatchNorm2d(128, eps=1e-05, momentum=0.1, affine=True, track_running_stats=True)
            )
            (skip): AvgPool2d(kernel_size=3, stride=2, padding=1)
          )
          (1): STDCModule(
            (layers): ModuleList(
              (0): ConvModule(
                (conv): Conv2d(256, 128, kernel_size=(1, 1), stride=(1, 1), bias=False)
                (bn): BatchNorm2d(128, eps=1e-05, momentum=0.1, affine=True, track_running_stats=True)
                (activate): ReLU(inplace=True)
              )
              (1): ConvModule(
                (conv): Conv2d(128, 64, kernel_size=(3, 3), stride=(1, 1), padding=(1, 1), bias=False)
                (bn): BatchNorm2d(64, eps=1e-05, momentum=0.1, affine=True, track_running_stats=True)
                (activate): ReLU(inplace=True)
              )
              (2): ConvModule(
                (conv): Conv2d(64, 32, kernel_size=(3, 3), stride=(1, 1), padding=(1, 1), bias=False)
                (bn): BatchNorm2d(32, eps=1e-05, momentum=0.1, affine=True, track_running_stats=True)
                (activate): ReLU(inplace=True)
              )
              (3): ConvModule(
                (conv): Conv2d(32, 32, kernel_size=(3, 3), stride=(1, 1), padding=(1, 1), bias=False)
                (bn): BatchNorm2d(32, eps=1e-05, momentum=0.1, affine=True, track_running_stats=True)
                (activate): ReLU(inplace=True)
              )
            )
          )
        )
        (3): Sequential(
          (0): STDCModule(
            (layers): ModuleList(
              (0): ConvModule(
                (conv): Conv2d(256, 256, kernel_size=(1, 1), stride=(1, 1), bias=False)
                (bn): BatchNorm2d(256, eps=1e-05, momentum=0.1, affine=True, track_running_stats=True)
                (activate): ReLU(inplace=True)
              )
              (1): ConvModule(
                (conv): Conv2d(256, 128, kernel_size=(3, 3), stride=(1, 1), padding=(1, 1), bias=False)
                (bn): BatchNorm2d(128, eps=1e-05, momentum=0.1, affine=True, track_running_stats=True)
                (activate): ReLU(inplace=True)
              )
              (2): ConvModule(
                (conv): Conv2d(128, 64, kernel_size=(3, 3), stride=(1, 1), padding=(1, 1), bias=False)
                (bn): BatchNorm2d(64, eps=1e-05, momentum=0.1, affine=True, track_running_stats=True)
                (activate): ReLU(inplace=True)
              )
              (3): ConvModule(
                (conv): Conv2d(64, 64, kernel_size=(3, 3), stride=(1, 1), padding=(1, 1), bias=False)
                (bn): BatchNorm2d(64, eps=1e-05, momentum=0.1, affine=True, track_running_stats=True)
                (activate): ReLU(inplace=True)
              )
            )
            (downsample): ConvModule(
              (conv): Conv2d(256, 256, kernel_size=(3, 3), stride=(2, 2), padding=(1, 1), groups=256, bias=False)
              (bn): BatchNorm2d(256, eps=1e-05, momentum=0.1, affine=True, track_running_stats=True)
            )
            (skip): AvgPool2d(kernel_size=3, stride=2, padding=1)
          )
          (1): STDCModule(
            (layers): ModuleList(
              (0): ConvModule(
                (conv): Conv2d(512, 256, kernel_size=(1, 1), stride=(1, 1), bias=False)
                (bn): BatchNorm2d(256, eps=1e-05, momentum=0.1, affine=True, track_running_stats=True)
                (activate): ReLU(inplace=True)
              )
              (1): ConvModule(
                (conv): Conv2d(256, 128, kernel_size=(3, 3), stride=(1, 1), padding=(1, 1), bias=False)
                (bn): BatchNorm2d(128, eps=1e-05, momentum=0.1, affine=True, track_running_stats=True)
                (activate): ReLU(inplace=True)
              )
              (2): ConvModule(
                (conv): Conv2d(128, 64, kernel_size=(3, 3), stride=(1, 1), padding=(1, 1), bias=False)
                (bn): BatchNorm2d(64, eps=1e-05, momentum=0.1, affine=True, track_running_stats=True)
                (activate): ReLU(inplace=True)
              )
              (3): ConvModule(
                (conv): Conv2d(64, 64, kernel_size=(3, 3), stride=(1, 1), padding=(1, 1), bias=False)
                (bn): BatchNorm2d(64, eps=1e-05, momentum=0.1, affine=True, track_running_stats=True)
                (activate): ReLU(inplace=True)
              )
            )
          )
        )
        (4): Sequential(
          (0): STDCModule(
            (layers): ModuleList(
              (0): ConvModule(
                (conv): Conv2d(512, 512, kernel_size=(1, 1), stride=(1, 1), bias=False)
                (bn): BatchNorm2d(512, eps=1e-05, momentum=0.1, affine=True, track_running_stats=True)
                (activate): ReLU(inplace=True)
              )
              (1): ConvModule(
                (conv): Conv2d(512, 256, kernel_size=(3, 3), stride=(1, 1), padding=(1, 1), bias=False)
                (bn): BatchNorm2d(256, eps=1e-05, momentum=0.1, affine=True, track_running_stats=True)
                (activate): ReLU(inplace=True)
              )
              (2): ConvModule(
                (conv): Conv2d(256, 128, kernel_size=(3, 3), stride=(1, 1), padding=(1, 1), bias=False)
                (bn): BatchNorm2d(128, eps=1e-05, momentum=0.1, affine=True, track_running_stats=True)
                (activate): ReLU(inplace=True)
              )
              (3): ConvModule(
                (conv): Conv2d(128, 128, kernel_size=(3, 3), stride=(1, 1), padding=(1, 1), bias=False)
                (bn): BatchNorm2d(128, eps=1e-05, momentum=0.1, affine=True, track_running_stats=True)
                (activate): ReLU(inplace=True)
              )
            )
            (downsample): ConvModule(
              (conv): Conv2d(512, 512, kernel_size=(3, 3), stride=(2, 2), padding=(1, 1), groups=512, bias=False)
              (bn): BatchNorm2d(512, eps=1e-05, momentum=0.1, affine=True, track_running_stats=True)
            )
            (skip): AvgPool2d(kernel_size=3, stride=2, padding=1)
          )
          (1): STDCModule(
            (layers): ModuleList(
              (0): ConvModule(
                (conv): Conv2d(1024, 512, kernel_size=(1, 1), stride=(1, 1), bias=False)
                (bn): BatchNorm2d(512, eps=1e-05, momentum=0.1, affine=True, track_running_stats=True)
                (activate): ReLU(inplace=True)
              )
              (1): ConvModule(
                (conv): Conv2d(512, 256, kernel_size=(3, 3), stride=(1, 1), padding=(1, 1), bias=False)
                (bn): BatchNorm2d(256, eps=1e-05, momentum=0.1, affine=True, track_running_stats=True)
                (activate): ReLU(inplace=True)
              )
              (2): ConvModule(
                (conv): Conv2d(256, 128, kernel_size=(3, 3), stride=(1, 1), padding=(1, 1), bias=False)
                (bn): BatchNorm2d(128, eps=1e-05, momentum=0.1, affine=True, track_running_stats=True)
                (activate): ReLU(inplace=True)
              )
              (3): ConvModule(
                (conv): Conv2d(128, 128, kernel_size=(3, 3), stride=(1, 1), padding=(1, 1), bias=False)
                (bn): BatchNorm2d(128, eps=1e-05, momentum=0.1, affine=True, track_running_stats=True)
                (activate): ReLU(inplace=True)
              )
            )
          )
        )
      )
    )
    init_cfg={'type': 'Pretrained', 'checkpoint': 'https://download.openmmlab.com/mmsegmentation/v0.5/pretrain/stdc/stdc1_20220308-5368626c.pth'}
    (arms): ModuleList(
      (0): AttentionRefinementModule(
        (conv_layer): ConvModule(
          (conv): Conv2d(1024, 128, kernel_size=(3, 3), stride=(1, 1), padding=(1, 1), bias=False)
          (bn): BatchNorm2d(128, eps=1e-05, momentum=0.1, affine=True, track_running_stats=True)
          (activate): ReLU(inplace=True)
        )
        (atten_conv_layer): Sequential(
          (0): AdaptiveAvgPool2d(output_size=(1, 1))
          (1): ConvModule(
            (conv): Conv2d(128, 128, kernel_size=(1, 1), stride=(1, 1), bias=False)
            (bn): BatchNorm2d(128, eps=1e-05, momentum=0.1, affine=True, track_running_stats=True)
          )
          (2): Sigmoid()
        )
      )
      (1): AttentionRefinementModule(
        (conv_layer): ConvModule(
          (conv): Conv2d(512, 128, kernel_size=(3, 3), stride=(1, 1), padding=(1, 1), bias=False)
          (bn): BatchNorm2d(128, eps=1e-05, momentum=0.1, affine=True, track_running_stats=True)
          (activate): ReLU(inplace=True)
        )
        (atten_conv_layer): Sequential(
          (0): AdaptiveAvgPool2d(output_size=(1, 1))
          (1): ConvModule(
            (conv): Conv2d(128, 128, kernel_size=(1, 1), stride=(1, 1), bias=False)
            (bn): BatchNorm2d(128, eps=1e-05, momentum=0.1, affine=True, track_running_stats=True)
          )
          (2): Sigmoid()
        )
      )
    )
    (convs): ModuleList(
      (0): ConvModule(
        (conv): Conv2d(128, 128, kernel_size=(3, 3), stride=(1, 1), padding=(1, 1), bias=False)
        (bn): BatchNorm2d(128, eps=1e-05, momentum=0.1, affine=True, track_running_stats=True)
        (activate): ReLU(inplace=True)
      )
      (1): ConvModule(
        (conv): Conv2d(128, 128, kernel_size=(3, 3), stride=(1, 1), padding=(1, 1), bias=False)
        (bn): BatchNorm2d(128, eps=1e-05, momentum=0.1, affine=True, track_running_stats=True)
        (activate): ReLU(inplace=True)
      )
    )
    (conv_avg): ConvModule(
      (conv): Conv2d(1024, 128, kernel_size=(1, 1), stride=(1, 1), bias=False)
      (bn): BatchNorm2d(128, eps=1e-05, momentum=0.1, affine=True, track_running_stats=True)
      (activate): ReLU(inplace=True)
    )
    (ffm): FeatureFusionModule(
      (conv0): ConvModule(
        (conv): Conv2d(384, 256, kernel_size=(1, 1), stride=(1, 1), bias=False)
        (bn): BatchNorm2d(256, eps=1e-05, momentum=0.1, affine=True, track_running_stats=True)
        (activate): ReLU(inplace=True)
      )
      (attention): Sequential(
        (0): AdaptiveAvgPool2d(output_size=(1, 1))
        (1): ConvModule(
          (conv): Conv2d(256, 64, kernel_size=(1, 1), stride=(1, 1), bias=False)
          (activate): ReLU(inplace=True)
        )
        (2): ConvModule(
          (conv): Conv2d(64, 256, kernel_size=(1, 1), stride=(1, 1), bias=False)
        )
        (3): Sigmoid()
      )
    )
  )
  (decode_head): FCNHead(
    input_transform=None, ignore_index=255, align_corners=True
    (loss_decode): CrossEntropyLoss(avg_non_ignore=False)
    (conv_seg): Conv2d(256, 19, kernel_size=(1, 1), stride=(1, 1))
    (dropout): Dropout2d(p=0.1, inplace=False)
    (convs): Sequential(
      (0): ConvModule(
        (conv): Conv2d(256, 256, kernel_size=(3, 3), stride=(1, 1), padding=(1, 1), bias=False)
        (bn): BatchNorm2d(256, eps=1e-05, momentum=0.1, affine=True, track_running_stats=True)
        (activate): ReLU(inplace=True)
      )
    )
  )
  init_cfg={'type': 'Normal', 'std': 0.01, 'override': {'name': 'conv_seg'}}
  (auxiliary_head): ModuleList(
    (0): FCNHead(
      input_transform=None, ignore_index=255, align_corners=False
      (loss_decode): CrossEntropyLoss(avg_non_ignore=False)
      (conv_seg): Conv2d(64, 19, kernel_size=(1, 1), stride=(1, 1))
      (dropout): Dropout2d(p=0.1, inplace=False)
      (convs): Sequential(
        (0): ConvModule(
          (conv): Conv2d(128, 64, kernel_size=(3, 3), stride=(1, 1), padding=(1, 1), bias=False)
          (bn): BatchNorm2d(64, eps=1e-05, momentum=0.1, affine=True, track_running_stats=True)
          (activate): ReLU(inplace=True)
        )
      )
    )
    init_cfg={'type': 'Normal', 'std': 0.01, 'override': {'name': 'conv_seg'}}
    (1): FCNHead(
      input_transform=None, ignore_index=255, align_corners=False
      (loss_decode): CrossEntropyLoss(avg_non_ignore=False)
      (conv_seg): Conv2d(64, 19, kernel_size=(1, 1), stride=(1, 1))
      (dropout): Dropout2d(p=0.1, inplace=False)
      (convs): Sequential(
        (0): ConvModule(
          (conv): Conv2d(128, 64, kernel_size=(3, 3), stride=(1, 1), padding=(1, 1), bias=False)
          (bn): BatchNorm2d(64, eps=1e-05, momentum=0.1, affine=True, track_running_stats=True)
          (activate): ReLU(inplace=True)
        )
      )
    )
    init_cfg={'type': 'Normal', 'std': 0.01, 'override': {'name': 'conv_seg'}}
    (2): STDCHead(
      input_transform=None, ignore_index=255, align_corners=True
      (loss_decode): ModuleList(
        (0): CrossEntropyLoss(avg_non_ignore=False)
        (1): DiceLoss()
      )
      (conv_seg): Conv2d(64, 2, kernel_size=(1, 1), stride=(1, 1))
      (dropout): Dropout2d(p=0.1, inplace=False)
      (convs): Sequential(
        (0): ConvModule(
          (conv): Conv2d(256, 64, kernel_size=(3, 3), stride=(1, 1), padding=(1, 1), bias=False)
          (bn): BatchNorm2d(64, eps=1e-05, momentum=0.1, affine=True, track_running_stats=True)
          (activate): ReLU(inplace=True)
        )
      )
    )
    init_cfg={'type': 'Normal', 'std': 0.01, 'override': {'name': 'conv_seg'}}
  )
)
2023-05-02 12:09:06,315 - mmseg - INFO - Loaded 500 images
2023-05-02 12:09:06,315 - mmseg - INFO - Start running, host: linchiayi@cml9, work_dir: /tmp2/linchiayi/mmsegmentation/work_dirs/stdc1_1x24_512x1024_scale0.5_160k_cityscapes
2023-05-02 12:09:06,316 - mmseg - INFO - Hooks will be executed in the following order:
before_run:
(VERY_HIGH   ) PolyLrUpdaterHook                  
(NORMAL      ) CheckpointHook                     
(LOW         ) EvalHook                           
(VERY_LOW    ) TextLoggerHook                     
 -------------------- 
before_train_epoch:
(VERY_HIGH   ) PolyLrUpdaterHook                  
(LOW         ) IterTimerHook                      
(LOW         ) EvalHook                           
(VERY_LOW    ) TextLoggerHook                     
 -------------------- 
before_train_iter:
(VERY_HIGH   ) PolyLrUpdaterHook                  
(LOW         ) IterTimerHook                      
(LOW         ) EvalHook                           
 -------------------- 
after_train_iter:
(ABOVE_NORMAL) OptimizerHook                      
(NORMAL      ) CheckpointHook                     
(LOW         ) IterTimerHook                      
(LOW         ) EvalHook                           
(VERY_LOW    ) TextLoggerHook                     
 -------------------- 
after_train_epoch:
(NORMAL      ) CheckpointHook                     
(LOW         ) EvalHook                           
(VERY_LOW    ) TextLoggerHook                     
 -------------------- 
before_val_epoch:
(LOW         ) IterTimerHook                      
(VERY_LOW    ) TextLoggerHook                     
 -------------------- 
before_val_iter:
(LOW         ) IterTimerHook                      
 -------------------- 
after_val_iter:
(LOW         ) IterTimerHook                      
 -------------------- 
after_val_epoch:
(VERY_LOW    ) TextLoggerHook                     
 -------------------- 
after_run:
(VERY_LOW    ) TextLoggerHook                     
 -------------------- 
2023-05-02 12:09:06,316 - mmseg - INFO - workflow: [('train', 1)], max: 160000 iters
2023-05-02 12:09:06,316 - mmseg - INFO - Checkpoints will be saved to /tmp2/linchiayi/mmsegmentation/work_dirs/stdc1_1x24_512x1024_scale0.5_160k_cityscapes by HardDiskBackend.
2023-05-02 12:10:02,873 - mmseg - INFO - Iter [50/160000]	lr: 2.450e-04, eta: 2 days, 1:50:38, time: 1.122, data_time: 0.355, memory: 19452, decode.loss_ce: 1.9118, decode.acc_seg: 35.3786, aux_0.loss_ce: 2.0847, aux_0.acc_seg: 19.1281, aux_1.loss_ce: 2.1290, aux_1.acc_seg: 16.3600, aux_2.loss_ce: 0.5991, aux_2.loss_dice: 0.5194, aux_2.acc_seg: 64.4780, loss: 7.2440
2023-05-02 12:10:51,157 - mmseg - INFO - Iter [100/160000]	lr: 4.948e-04, eta: 1 day, 22:21:37, time: 0.966, data_time: 0.419, memory: 19452, decode.loss_ce: 1.2996, decode.acc_seg: 53.6752, aux_0.loss_ce: 1.4090, aux_0.acc_seg: 50.4283, aux_1.loss_ce: 1.4752, aux_1.acc_seg: 48.3021, aux_2.loss_ce: 0.2325, aux_2.loss_dice: 0.4572, aux_2.acc_seg: 96.9124, loss: 4.8736
2023-05-02 12:11:40,230 - mmseg - INFO - Iter [150/160000]	lr: 7.444e-04, eta: 1 day, 21:25:22, time: 0.981, data_time: 0.423, memory: 19452, decode.loss_ce: 0.9279, decode.acc_seg: 67.2137, aux_0.loss_ce: 0.9695, aux_0.acc_seg: 67.1442, aux_1.loss_ce: 1.0188, aux_1.acc_seg: 64.4483, aux_2.loss_ce: 0.1815, aux_2.loss_dice: 0.3658, aux_2.acc_seg: 97.0305, loss: 3.4634
2023-05-02 12:12:21,073 - mmseg - INFO - Iter [200/160000]	lr: 9.939e-04, eta: 1 day, 19:07:17, time: 0.817, data_time: 0.240, memory: 19452, decode.loss_ce: 0.6760, decode.acc_seg: 76.0483, aux_0.loss_ce: 0.7079, aux_0.acc_seg: 75.4853, aux_1.loss_ce: 0.7376, aux_1.acc_seg: 74.0002, aux_2.loss_ce: 0.1384, aux_2.loss_dice: 0.3290, aux_2.acc_seg: 97.0417, loss: 2.5889
2023-05-02 12:13:04,936 - mmseg - INFO - Iter [250/160000]	lr: 1.243e-03, eta: 1 day, 18:16:19, time: 0.877, data_time: 0.297, memory: 19452, decode.loss_ce: 0.5658, decode.acc_seg: 79.0391, aux_0.loss_ce: 0.6005, aux_0.acc_seg: 78.6928, aux_1.loss_ce: 0.6282, aux_1.acc_seg: 77.3889, aux_2.loss_ce: 0.1202, aux_2.loss_dice: 0.3134, aux_2.acc_seg: 97.1152, loss: 2.2282
2023-05-02 12:13:45,682 - mmseg - INFO - Iter [300/160000]	lr: 1.493e-03, eta: 1 day, 17:14:26, time: 0.815, data_time: 0.244, memory: 19452, decode.loss_ce: 0.5169, decode.acc_seg: 80.7526, aux_0.loss_ce: 0.5420, aux_0.acc_seg: 80.5162, aux_1.loss_ce: 0.5701, aux_1.acc_seg: 79.3059, aux_2.loss_ce: 0.1128, aux_2.loss_dice: 0.3074, aux_2.acc_seg: 97.1211, loss: 2.0493
2023-05-02 12:14:25,858 - mmseg - INFO - Iter [350/160000]	lr: 1.742e-03, eta: 1 day, 16:25:42, time: 0.803, data_time: 0.238, memory: 19452, decode.loss_ce: 0.4716, decode.acc_seg: 82.2254, aux_0.loss_ce: 0.4950, aux_0.acc_seg: 81.9439, aux_1.loss_ce: 0.5227, aux_1.acc_seg: 80.6702, aux_2.loss_ce: 0.1104, aux_2.loss_dice: 0.3019, aux_2.acc_seg: 97.0799, loss: 1.9016
2023-05-02 12:15:10,190 - mmseg - INFO - Iter [400/160000]	lr: 1.991e-03, eta: 1 day, 16:16:37, time: 0.887, data_time: 0.315, memory: 19452, decode.loss_ce: 0.4353, decode.acc_seg: 83.8968, aux_0.loss_ce: 0.4560, aux_0.acc_seg: 83.7018, aux_1.loss_ce: 0.4854, aux_1.acc_seg: 82.3828, aux_2.loss_ce: 0.1091, aux_2.loss_dice: 0.3002, aux_2.acc_seg: 97.0568, loss: 1.7860
2023-05-02 12:15:50,013 - mmseg - INFO - Iter [450/160000]	lr: 2.239e-03, eta: 1 day, 15:42:45, time: 0.796, data_time: 0.220, memory: 19452, decode.loss_ce: 0.4182, decode.acc_seg: 84.5050, aux_0.loss_ce: 0.4350, aux_0.acc_seg: 84.1233, aux_1.loss_ce: 0.4617, aux_1.acc_seg: 82.9603, aux_2.loss_ce: 0.1065, aux_2.loss_dice: 0.2950, aux_2.acc_seg: 97.1416, loss: 1.7164
2023-05-02 12:16:34,982 - mmseg - INFO - Iter [500/160000]	lr: 2.488e-03, eta: 1 day, 15:42:54, time: 0.899, data_time: 0.325, memory: 19452, decode.loss_ce: 0.3856, decode.acc_seg: 85.3753, aux_0.loss_ce: 0.4038, aux_0.acc_seg: 84.8854, aux_1.loss_ce: 0.4299, aux_1.acc_seg: 83.9294, aux_2.loss_ce: 0.1054, aux_2.loss_dice: 0.2931, aux_2.acc_seg: 97.1489, loss: 1.6179
2023-05-02 12:17:15,639 - mmseg - INFO - Iter [550/160000]	lr: 2.737e-03, eta: 1 day, 15:22:02, time: 0.813, data_time: 0.234, memory: 19452, decode.loss_ce: 0.3671, decode.acc_seg: 85.6707, aux_0.loss_ce: 0.3844, aux_0.acc_seg: 85.1295, aux_1.loss_ce: 0.4110, aux_1.acc_seg: 84.1387, aux_2.loss_ce: 0.1049, aux_2.loss_dice: 0.2900, aux_2.acc_seg: 97.1545, loss: 1.5575
2023-05-02 12:17:55,330 - mmseg - INFO - Iter [600/160000]	lr: 2.985e-03, eta: 1 day, 15:00:15, time: 0.794, data_time: 0.216, memory: 19452, decode.loss_ce: 0.3832, decode.acc_seg: 85.4927, aux_0.loss_ce: 0.3963, aux_0.acc_seg: 85.2059, aux_1.loss_ce: 0.4276, aux_1.acc_seg: 84.0338, aux_2.loss_ce: 0.1059, aux_2.loss_dice: 0.2913, aux_2.acc_seg: 97.1533, loss: 1.6042
2023-05-02 12:18:40,506 - mmseg - INFO - Iter [650/160000]	lr: 3.233e-03, eta: 1 day, 15:04:08, time: 0.904, data_time: 0.331, memory: 19452, decode.loss_ce: 0.3330, decode.acc_seg: 86.9817, aux_0.loss_ce: 0.3429, aux_0.acc_seg: 86.6700, aux_1.loss_ce: 0.3771, aux_1.acc_seg: 85.3763, aux_2.loss_ce: 0.1043, aux_2.loss_dice: 0.2839, aux_2.acc_seg: 97.1777, loss: 1.4412
