2023-05-03 15:20:04,504 - mmseg - INFO - Multi-processing start method is `None`
2023-05-03 15:20:04,506 - mmseg - INFO - OpenCV num_threads is `96
2023-05-03 15:20:04,596 - mmseg - INFO - Environment info:
------------------------------------------------------------
sys.platform: linux
Python: 3.8.16 (default, Mar  2 2023, 03:21:46) [GCC 11.2.0]
CUDA available: True
GPU 0: NVIDIA GeForce RTX 3090
CUDA_HOME: None
GCC: gcc (Ubuntu 11.3.0-1ubuntu1~22.04) 11.3.0
PyTorch: 1.12.1+cu113
PyTorch compiling details: PyTorch built with:
  - GCC 9.3
  - C++ Version: 201402
  - Intel(R) Math Kernel Library Version 2020.0.0 Product Build 20191122 for Intel(R) 64 architecture applications
  - Intel(R) MKL-DNN v2.6.0 (Git Hash 52b5f107dd9cf10910aaa19cb47f3abf9b349815)
  - OpenMP 201511 (a.k.a. OpenMP 4.5)
  - LAPACK is enabled (usually provided by MKL)
  - NNPACK is enabled
  - CPU capability usage: AVX2
  - CUDA Runtime 11.3
  - NVCC architecture flags: -gencode;arch=compute_37,code=sm_37;-gencode;arch=compute_50,code=sm_50;-gencode;arch=compute_60,code=sm_60;-gencode;arch=compute_70,code=sm_70;-gencode;arch=compute_75,code=sm_75;-gencode;arch=compute_80,code=sm_80;-gencode;arch=compute_86,code=sm_86
  - CuDNN 8.3.2  (built against CUDA 11.5)
  - Magma 2.5.2
  - Build settings: BLAS_INFO=mkl, BUILD_TYPE=Release, CUDA_VERSION=11.3, CUDNN_VERSION=8.3.2, CXX_COMPILER=/opt/rh/devtoolset-9/root/usr/bin/c++, CXX_FLAGS= -fabi-version=11 -Wno-deprecated -fvisibility-inlines-hidden -DUSE_PTHREADPOOL -fopenmp -DNDEBUG -DUSE_KINETO -DUSE_FBGEMM -DUSE_QNNPACK -DUSE_PYTORCH_QNNPACK -DUSE_XNNPACK -DSYMBOLICATE_MOBILE_DEBUG_HANDLE -DEDGE_PROFILER_USE_KINETO -O2 -fPIC -Wno-narrowing -Wall -Wextra -Werror=return-type -Wno-missing-field-initializers -Wno-type-limits -Wno-array-bounds -Wno-unknown-pragmas -Wno-unused-parameter -Wno-unused-function -Wno-unused-result -Wno-unused-local-typedefs -Wno-strict-overflow -Wno-strict-aliasing -Wno-error=deprecated-declarations -Wno-stringop-overflow -Wno-psabi -Wno-error=pedantic -Wno-error=redundant-decls -Wno-error=old-style-cast -fdiagnostics-color=always -faligned-new -Wno-unused-but-set-variable -Wno-maybe-uninitialized -fno-math-errno -fno-trapping-math -Werror=format -Werror=cast-function-type -Wno-stringop-overflow, LAPACK_INFO=mkl, PERF_WITH_AVX=1, PERF_WITH_AVX2=1, PERF_WITH_AVX512=1, TORCH_VERSION=1.12.1, USE_CUDA=ON, USE_CUDNN=ON, USE_EXCEPTION_PTR=1, USE_GFLAGS=OFF, USE_GLOG=OFF, USE_MKL=ON, USE_MKLDNN=OFF, USE_MPI=OFF, USE_NCCL=ON, USE_NNPACK=ON, USE_OPENMP=ON, USE_ROCM=OFF, 

TorchVision: 0.13.1+cu113
OpenCV: 4.7.0
MMCV: 1.7.0
MMCV Compiler: GCC 9.3
MMCV CUDA Compiler: 11.3
MMSegmentation: 0.30.0+e7ed570
------------------------------------------------------------

2023-05-03 15:20:04,596 - mmseg - INFO - Distributed training: False
2023-05-03 15:20:05,524 - mmseg - INFO - Config:
norm_cfg = dict(type='BN', requires_grad=True)
model = dict(
    type='EncoderDecoder',
    pretrained=None,
    backbone=dict(
        type='STDCContextPathNet',
        backbone_cfg=dict(
            type='STDCNet',
            stdc_type='STDCNet1',
            in_channels=3,
            channels=(32, 64, 256, 512, 1024),
            bottleneck_type='cat',
            num_convs=4,
            norm_cfg=dict(type='BN', requires_grad=True),
            act_cfg=dict(type='ReLU'),
            with_final_conv=False,
            init_cfg=dict(
                type='Pretrained',
                checkpoint=
                'https://download.openmmlab.com/mmsegmentation/v0.5/pretrain/stdc/stdc1_20220308-5368626c.pth'
            )),
        last_in_channels=(1024, 512),
        out_channels=128,
        ffm_cfg=dict(in_channels=384, out_channels=256, scale_factor=4)),
    decode_head=dict(
        type='FCNHead',
        in_channels=256,
        channels=256,
        num_convs=1,
        num_classes=19,
        in_index=3,
        concat_input=False,
        dropout_ratio=0.1,
        norm_cfg=dict(type='BN', requires_grad=True),
        align_corners=True,
        sampler=dict(type='OHEMPixelSampler', thresh=0.7, min_kept=780000),
        loss_decode=dict(
            type='CrossEntropyLoss', use_sigmoid=False, loss_weight=1.0)),
    auxiliary_head=[
        dict(
            type='FCNHead',
            in_channels=128,
            channels=64,
            num_convs=1,
            num_classes=19,
            in_index=2,
            norm_cfg=dict(type='BN', requires_grad=True),
            concat_input=False,
            align_corners=False,
            sampler=dict(type='OHEMPixelSampler', thresh=0.7, min_kept=780000),
            loss_decode=dict(
                type='CrossEntropyLoss', use_sigmoid=False, loss_weight=1.0)),
        dict(
            type='FCNHead',
            in_channels=128,
            channels=64,
            num_convs=1,
            num_classes=19,
            in_index=1,
            norm_cfg=dict(type='BN', requires_grad=True),
            concat_input=False,
            align_corners=False,
            sampler=dict(type='OHEMPixelSampler', thresh=0.7, min_kept=780000),
            loss_decode=dict(
                type='CrossEntropyLoss', use_sigmoid=False, loss_weight=1.0)),
        dict(
            type='STDCHead',
            in_channels=256,
            channels=64,
            num_convs=1,
            num_classes=2,
            boundary_threshold=0.1,
            in_index=0,
            norm_cfg=dict(type='BN', requires_grad=True),
            concat_input=False,
            align_corners=True,
            loss_decode=[
                dict(
                    type='CrossEntropyLoss',
                    loss_name='loss_ce',
                    use_sigmoid=True,
                    loss_weight=1.0),
                dict(type='DiceLoss', loss_name='loss_dice', loss_weight=1.0)
            ])
    ],
    train_cfg=dict(),
    test_cfg=dict(mode='whole'))
dataset_type = 'CityscapesDataset'
data_root = 'data/cityscapes/'
img_norm_cfg = dict(
    mean=[123.675, 116.28, 103.53], std=[58.395, 57.12, 57.375], to_rgb=True)
crop_size = (512, 1024)
train_pipeline = [
    dict(type='LoadImageFromFile'),
    dict(type='LoadAnnotations'),
    dict(
        type='Resize',
        img_scale=(2048, 1024),
        ratio_range=(0.125, 1.5),
        scale_step_size=0.125),
    dict(type='RandomCrop', crop_size=(512, 1024), cat_max_ratio=0.75),
    dict(type='RandomFlip', prob=0.5),
    dict(type='PhotoMetricDistortion'),
    dict(
        type='Normalize',
        mean=[123.675, 116.28, 103.53],
        std=[58.395, 57.12, 57.375],
        to_rgb=True),
    dict(type='Pad', size=(512, 1024), pad_val=0, seg_pad_val=255),
    dict(type='DefaultFormatBundle'),
    dict(type='Collect', keys=['img', 'gt_semantic_seg'])
]
test_pipeline = [
    dict(type='LoadImageFromFile'),
    dict(
        type='MultiScaleFlipAug',
        img_scale=(1024, 512),
        flip=False,
        transforms=[
            dict(type='Resize', keep_ratio=True),
            dict(type='RandomFlip'),
            dict(
                type='Normalize',
                mean=[123.675, 116.28, 103.53],
                std=[58.395, 57.12, 57.375],
                to_rgb=True),
            dict(type='ImageToTensor', keys=['img']),
            dict(type='Collect', keys=['img'])
        ])
]
data = dict(
    samples_per_gpu=24,
    workers_per_gpu=4,
    train=dict(
        type='CityscapesDataset',
        data_root='data/cityscapes/',
        img_dir='leftImg8bit/train',
        ann_dir='gtFine/train',
        pipeline=[
            dict(type='LoadImageFromFile'),
            dict(type='LoadAnnotations'),
            dict(
                type='Resize',
                img_scale=(2048, 1024),
                ratio_range=(0.125, 1.5),
                scale_step_size=0.125),
            dict(type='RandomCrop', crop_size=(512, 1024), cat_max_ratio=0.75),
            dict(type='RandomFlip', prob=0.5),
            dict(type='PhotoMetricDistortion'),
            dict(
                type='Normalize',
                mean=[123.675, 116.28, 103.53],
                std=[58.395, 57.12, 57.375],
                to_rgb=True),
            dict(type='Pad', size=(512, 1024), pad_val=0, seg_pad_val=255),
            dict(type='DefaultFormatBundle'),
            dict(type='Collect', keys=['img', 'gt_semantic_seg'])
        ]),
    val=dict(
        type='CityscapesDataset',
        data_root='data/cityscapes/',
        img_dir='leftImg8bit/val',
        ann_dir='gtFine/val',
        pipeline=[
            dict(type='LoadImageFromFile'),
            dict(
                type='MultiScaleFlipAug',
                img_scale=(1024, 512),
                flip=False,
                transforms=[
                    dict(type='Resize', keep_ratio=True),
                    dict(type='RandomFlip'),
                    dict(
                        type='Normalize',
                        mean=[123.675, 116.28, 103.53],
                        std=[58.395, 57.12, 57.375],
                        to_rgb=True),
                    dict(type='ImageToTensor', keys=['img']),
                    dict(type='Collect', keys=['img'])
                ])
        ]),
    test=dict(
        type='CityscapesDataset',
        data_root='data/cityscapes/',
        img_dir='leftImg8bit/val',
        ann_dir='gtFine/val',
        pipeline=[
            dict(type='LoadImageFromFile'),
            dict(
                type='MultiScaleFlipAug',
                img_scale=(1024, 512),
                flip=False,
                transforms=[
                    dict(type='Resize', keep_ratio=True),
                    dict(type='RandomFlip'),
                    dict(
                        type='Normalize',
                        mean=[123.675, 116.28, 103.53],
                        std=[58.395, 57.12, 57.375],
                        to_rgb=True),
                    dict(type='ImageToTensor', keys=['img']),
                    dict(type='Collect', keys=['img'])
                ])
        ]))
log_config = dict(
    interval=50, hooks=[dict(type='TextLoggerHook', by_epoch=False)])
dist_params = dict(backend='nccl')
log_level = 'INFO'
load_from = None
resume_from = None
workflow = [('train', 1)]
cudnn_benchmark = True
optimizer = dict(
    type='SGD',
    lr=0.05,
    momentum=0.9,
    weight_decay=0.0005,
    paramwise_cfg=dict(
        custom_keys=dict(
            {
                'backbone.backbone': dict(lr_mult=0.1),
                'backbone.text_encoder': dict(lr_mult=0.0, decay_mult=0.0),
                '.bn.': dict(decay_mult=0.0)
            })))
optimizer_config = dict()
lr_config = dict(
    policy='poly',
    power=0.9,
    min_lr=1e-06,
    by_epoch=False,
    warmup='linear',
    warmup_iters=1000,
    warmup_ratio=1e-05)
runner = dict(type='IterBasedRunner', max_iters=160000)
checkpoint_config = dict(by_epoch=False, interval=16000)
evaluation = dict(interval=16000, metric='mIoU', pre_eval=True)
checkpoint = 'https://download.openmmlab.com/mmsegmentation/v0.5/pretrain/stdc/stdc1_20220308-5368626c.pth'
work_dir = './work_dirs/stdc1_1x24_512x1024_scale0.5_160k_cityscapes'
gpu_ids = [0]
auto_resume = False

2023-05-03 15:20:05,524 - mmseg - INFO - Set random seed to 1660762151, deterministic: False
2023-05-03 15:20:05,570 - mmseg - INFO - Loaded 2975 images
2023-05-03 15:20:06,741 - mmseg - INFO - initialize STDCNet with init_cfg {'type': 'Pretrained', 'checkpoint': 'https://download.openmmlab.com/mmsegmentation/v0.5/pretrain/stdc/stdc1_20220308-5368626c.pth'}
2023-05-03 15:20:07,205 - mmseg - INFO - initialize FCNHead with init_cfg {'type': 'Normal', 'std': 0.01, 'override': {'name': 'conv_seg'}}
Name of parameter - Initialization information

backbone.backbone.stages.0.conv.weight - torch.Size([32, 3, 3, 3]): 
PretrainedInit: load from https://download.openmmlab.com/mmsegmentation/v0.5/pretrain/stdc/stdc1_20220308-5368626c.pth 

backbone.backbone.stages.0.bn.weight - torch.Size([32]): 
PretrainedInit: load from https://download.openmmlab.com/mmsegmentation/v0.5/pretrain/stdc/stdc1_20220308-5368626c.pth 

backbone.backbone.stages.0.bn.bias - torch.Size([32]): 
PretrainedInit: load from https://download.openmmlab.com/mmsegmentation/v0.5/pretrain/stdc/stdc1_20220308-5368626c.pth 

backbone.backbone.stages.1.conv.weight - torch.Size([64, 32, 3, 3]): 
PretrainedInit: load from https://download.openmmlab.com/mmsegmentation/v0.5/pretrain/stdc/stdc1_20220308-5368626c.pth 

backbone.backbone.stages.1.bn.weight - torch.Size([64]): 
PretrainedInit: load from https://download.openmmlab.com/mmsegmentation/v0.5/pretrain/stdc/stdc1_20220308-5368626c.pth 

backbone.backbone.stages.1.bn.bias - torch.Size([64]): 
PretrainedInit: load from https://download.openmmlab.com/mmsegmentation/v0.5/pretrain/stdc/stdc1_20220308-5368626c.pth 

backbone.backbone.stages.2.0.layers.0.conv.weight - torch.Size([128, 64, 1, 1]): 
PretrainedInit: load from https://download.openmmlab.com/mmsegmentation/v0.5/pretrain/stdc/stdc1_20220308-5368626c.pth 

backbone.backbone.stages.2.0.layers.0.bn.weight - torch.Size([128]): 
PretrainedInit: load from https://download.openmmlab.com/mmsegmentation/v0.5/pretrain/stdc/stdc1_20220308-5368626c.pth 

backbone.backbone.stages.2.0.layers.0.bn.bias - torch.Size([128]): 
PretrainedInit: load from https://download.openmmlab.com/mmsegmentation/v0.5/pretrain/stdc/stdc1_20220308-5368626c.pth 

backbone.backbone.stages.2.0.layers.1.conv.weight - torch.Size([64, 128, 3, 3]): 
PretrainedInit: load from https://download.openmmlab.com/mmsegmentation/v0.5/pretrain/stdc/stdc1_20220308-5368626c.pth 

backbone.backbone.stages.2.0.layers.1.bn.weight - torch.Size([64]): 
PretrainedInit: load from https://download.openmmlab.com/mmsegmentation/v0.5/pretrain/stdc/stdc1_20220308-5368626c.pth 

backbone.backbone.stages.2.0.layers.1.bn.bias - torch.Size([64]): 
PretrainedInit: load from https://download.openmmlab.com/mmsegmentation/v0.5/pretrain/stdc/stdc1_20220308-5368626c.pth 

backbone.backbone.stages.2.0.layers.2.conv.weight - torch.Size([32, 64, 3, 3]): 
PretrainedInit: load from https://download.openmmlab.com/mmsegmentation/v0.5/pretrain/stdc/stdc1_20220308-5368626c.pth 

backbone.backbone.stages.2.0.layers.2.bn.weight - torch.Size([32]): 
PretrainedInit: load from https://download.openmmlab.com/mmsegmentation/v0.5/pretrain/stdc/stdc1_20220308-5368626c.pth 

backbone.backbone.stages.2.0.layers.2.bn.bias - torch.Size([32]): 
PretrainedInit: load from https://download.openmmlab.com/mmsegmentation/v0.5/pretrain/stdc/stdc1_20220308-5368626c.pth 

backbone.backbone.stages.2.0.layers.3.conv.weight - torch.Size([32, 32, 3, 3]): 
PretrainedInit: load from https://download.openmmlab.com/mmsegmentation/v0.5/pretrain/stdc/stdc1_20220308-5368626c.pth 

backbone.backbone.stages.2.0.layers.3.bn.weight - torch.Size([32]): 
PretrainedInit: load from https://download.openmmlab.com/mmsegmentation/v0.5/pretrain/stdc/stdc1_20220308-5368626c.pth 

backbone.backbone.stages.2.0.layers.3.bn.bias - torch.Size([32]): 
PretrainedInit: load from https://download.openmmlab.com/mmsegmentation/v0.5/pretrain/stdc/stdc1_20220308-5368626c.pth 

backbone.backbone.stages.2.0.downsample.conv.weight - torch.Size([128, 1, 3, 3]): 
PretrainedInit: load from https://download.openmmlab.com/mmsegmentation/v0.5/pretrain/stdc/stdc1_20220308-5368626c.pth 

backbone.backbone.stages.2.0.downsample.bn.weight - torch.Size([128]): 
PretrainedInit: load from https://download.openmmlab.com/mmsegmentation/v0.5/pretrain/stdc/stdc1_20220308-5368626c.pth 

backbone.backbone.stages.2.0.downsample.bn.bias - torch.Size([128]): 
PretrainedInit: load from https://download.openmmlab.com/mmsegmentation/v0.5/pretrain/stdc/stdc1_20220308-5368626c.pth 

backbone.backbone.stages.2.1.layers.0.conv.weight - torch.Size([128, 256, 1, 1]): 
PretrainedInit: load from https://download.openmmlab.com/mmsegmentation/v0.5/pretrain/stdc/stdc1_20220308-5368626c.pth 

backbone.backbone.stages.2.1.layers.0.bn.weight - torch.Size([128]): 
PretrainedInit: load from https://download.openmmlab.com/mmsegmentation/v0.5/pretrain/stdc/stdc1_20220308-5368626c.pth 

backbone.backbone.stages.2.1.layers.0.bn.bias - torch.Size([128]): 
PretrainedInit: load from https://download.openmmlab.com/mmsegmentation/v0.5/pretrain/stdc/stdc1_20220308-5368626c.pth 

backbone.backbone.stages.2.1.layers.1.conv.weight - torch.Size([64, 128, 3, 3]): 
PretrainedInit: load from https://download.openmmlab.com/mmsegmentation/v0.5/pretrain/stdc/stdc1_20220308-5368626c.pth 

backbone.backbone.stages.2.1.layers.1.bn.weight - torch.Size([64]): 
PretrainedInit: load from https://download.openmmlab.com/mmsegmentation/v0.5/pretrain/stdc/stdc1_20220308-5368626c.pth 

backbone.backbone.stages.2.1.layers.1.bn.bias - torch.Size([64]): 
PretrainedInit: load from https://download.openmmlab.com/mmsegmentation/v0.5/pretrain/stdc/stdc1_20220308-5368626c.pth 

backbone.backbone.stages.2.1.layers.2.conv.weight - torch.Size([32, 64, 3, 3]): 
PretrainedInit: load from https://download.openmmlab.com/mmsegmentation/v0.5/pretrain/stdc/stdc1_20220308-5368626c.pth 

backbone.backbone.stages.2.1.layers.2.bn.weight - torch.Size([32]): 
PretrainedInit: load from https://download.openmmlab.com/mmsegmentation/v0.5/pretrain/stdc/stdc1_20220308-5368626c.pth 

backbone.backbone.stages.2.1.layers.2.bn.bias - torch.Size([32]): 
PretrainedInit: load from https://download.openmmlab.com/mmsegmentation/v0.5/pretrain/stdc/stdc1_20220308-5368626c.pth 

backbone.backbone.stages.2.1.layers.3.conv.weight - torch.Size([32, 32, 3, 3]): 
PretrainedInit: load from https://download.openmmlab.com/mmsegmentation/v0.5/pretrain/stdc/stdc1_20220308-5368626c.pth 

backbone.backbone.stages.2.1.layers.3.bn.weight - torch.Size([32]): 
PretrainedInit: load from https://download.openmmlab.com/mmsegmentation/v0.5/pretrain/stdc/stdc1_20220308-5368626c.pth 

backbone.backbone.stages.2.1.layers.3.bn.bias - torch.Size([32]): 
PretrainedInit: load from https://download.openmmlab.com/mmsegmentation/v0.5/pretrain/stdc/stdc1_20220308-5368626c.pth 

backbone.backbone.stages.3.0.layers.0.conv.weight - torch.Size([256, 256, 1, 1]): 
PretrainedInit: load from https://download.openmmlab.com/mmsegmentation/v0.5/pretrain/stdc/stdc1_20220308-5368626c.pth 

backbone.backbone.stages.3.0.layers.0.bn.weight - torch.Size([256]): 
PretrainedInit: load from https://download.openmmlab.com/mmsegmentation/v0.5/pretrain/stdc/stdc1_20220308-5368626c.pth 

backbone.backbone.stages.3.0.layers.0.bn.bias - torch.Size([256]): 
PretrainedInit: load from https://download.openmmlab.com/mmsegmentation/v0.5/pretrain/stdc/stdc1_20220308-5368626c.pth 

backbone.backbone.stages.3.0.layers.1.conv.weight - torch.Size([128, 256, 3, 3]): 
PretrainedInit: load from https://download.openmmlab.com/mmsegmentation/v0.5/pretrain/stdc/stdc1_20220308-5368626c.pth 

backbone.backbone.stages.3.0.layers.1.bn.weight - torch.Size([128]): 
PretrainedInit: load from https://download.openmmlab.com/mmsegmentation/v0.5/pretrain/stdc/stdc1_20220308-5368626c.pth 

backbone.backbone.stages.3.0.layers.1.bn.bias - torch.Size([128]): 
PretrainedInit: load from https://download.openmmlab.com/mmsegmentation/v0.5/pretrain/stdc/stdc1_20220308-5368626c.pth 

backbone.backbone.stages.3.0.layers.2.conv.weight - torch.Size([64, 128, 3, 3]): 
PretrainedInit: load from https://download.openmmlab.com/mmsegmentation/v0.5/pretrain/stdc/stdc1_20220308-5368626c.pth 

backbone.backbone.stages.3.0.layers.2.bn.weight - torch.Size([64]): 
PretrainedInit: load from https://download.openmmlab.com/mmsegmentation/v0.5/pretrain/stdc/stdc1_20220308-5368626c.pth 

backbone.backbone.stages.3.0.layers.2.bn.bias - torch.Size([64]): 
PretrainedInit: load from https://download.openmmlab.com/mmsegmentation/v0.5/pretrain/stdc/stdc1_20220308-5368626c.pth 

backbone.backbone.stages.3.0.layers.3.conv.weight - torch.Size([64, 64, 3, 3]): 
PretrainedInit: load from https://download.openmmlab.com/mmsegmentation/v0.5/pretrain/stdc/stdc1_20220308-5368626c.pth 

backbone.backbone.stages.3.0.layers.3.bn.weight - torch.Size([64]): 
PretrainedInit: load from https://download.openmmlab.com/mmsegmentation/v0.5/pretrain/stdc/stdc1_20220308-5368626c.pth 

backbone.backbone.stages.3.0.layers.3.bn.bias - torch.Size([64]): 
PretrainedInit: load from https://download.openmmlab.com/mmsegmentation/v0.5/pretrain/stdc/stdc1_20220308-5368626c.pth 

backbone.backbone.stages.3.0.downsample.conv.weight - torch.Size([256, 1, 3, 3]): 
PretrainedInit: load from https://download.openmmlab.com/mmsegmentation/v0.5/pretrain/stdc/stdc1_20220308-5368626c.pth 

backbone.backbone.stages.3.0.downsample.bn.weight - torch.Size([256]): 
PretrainedInit: load from https://download.openmmlab.com/mmsegmentation/v0.5/pretrain/stdc/stdc1_20220308-5368626c.pth 

backbone.backbone.stages.3.0.downsample.bn.bias - torch.Size([256]): 
PretrainedInit: load from https://download.openmmlab.com/mmsegmentation/v0.5/pretrain/stdc/stdc1_20220308-5368626c.pth 

backbone.backbone.stages.3.1.layers.0.conv.weight - torch.Size([256, 512, 1, 1]): 
PretrainedInit: load from https://download.openmmlab.com/mmsegmentation/v0.5/pretrain/stdc/stdc1_20220308-5368626c.pth 

backbone.backbone.stages.3.1.layers.0.bn.weight - torch.Size([256]): 
PretrainedInit: load from https://download.openmmlab.com/mmsegmentation/v0.5/pretrain/stdc/stdc1_20220308-5368626c.pth 

backbone.backbone.stages.3.1.layers.0.bn.bias - torch.Size([256]): 
PretrainedInit: load from https://download.openmmlab.com/mmsegmentation/v0.5/pretrain/stdc/stdc1_20220308-5368626c.pth 

backbone.backbone.stages.3.1.layers.1.conv.weight - torch.Size([128, 256, 3, 3]): 
PretrainedInit: load from https://download.openmmlab.com/mmsegmentation/v0.5/pretrain/stdc/stdc1_20220308-5368626c.pth 

backbone.backbone.stages.3.1.layers.1.bn.weight - torch.Size([128]): 
PretrainedInit: load from https://download.openmmlab.com/mmsegmentation/v0.5/pretrain/stdc/stdc1_20220308-5368626c.pth 

backbone.backbone.stages.3.1.layers.1.bn.bias - torch.Size([128]): 
PretrainedInit: load from https://download.openmmlab.com/mmsegmentation/v0.5/pretrain/stdc/stdc1_20220308-5368626c.pth 

backbone.backbone.stages.3.1.layers.2.conv.weight - torch.Size([64, 128, 3, 3]): 
PretrainedInit: load from https://download.openmmlab.com/mmsegmentation/v0.5/pretrain/stdc/stdc1_20220308-5368626c.pth 

backbone.backbone.stages.3.1.layers.2.bn.weight - torch.Size([64]): 
PretrainedInit: load from https://download.openmmlab.com/mmsegmentation/v0.5/pretrain/stdc/stdc1_20220308-5368626c.pth 

backbone.backbone.stages.3.1.layers.2.bn.bias - torch.Size([64]): 
PretrainedInit: load from https://download.openmmlab.com/mmsegmentation/v0.5/pretrain/stdc/stdc1_20220308-5368626c.pth 

backbone.backbone.stages.3.1.layers.3.conv.weight - torch.Size([64, 64, 3, 3]): 
PretrainedInit: load from https://download.openmmlab.com/mmsegmentation/v0.5/pretrain/stdc/stdc1_20220308-5368626c.pth 

backbone.backbone.stages.3.1.layers.3.bn.weight - torch.Size([64]): 
PretrainedInit: load from https://download.openmmlab.com/mmsegmentation/v0.5/pretrain/stdc/stdc1_20220308-5368626c.pth 

backbone.backbone.stages.3.1.layers.3.bn.bias - torch.Size([64]): 
PretrainedInit: load from https://download.openmmlab.com/mmsegmentation/v0.5/pretrain/stdc/stdc1_20220308-5368626c.pth 

backbone.backbone.stages.4.0.layers.0.conv.weight - torch.Size([512, 512, 1, 1]): 
PretrainedInit: load from https://download.openmmlab.com/mmsegmentation/v0.5/pretrain/stdc/stdc1_20220308-5368626c.pth 

backbone.backbone.stages.4.0.layers.0.bn.weight - torch.Size([512]): 
PretrainedInit: load from https://download.openmmlab.com/mmsegmentation/v0.5/pretrain/stdc/stdc1_20220308-5368626c.pth 

backbone.backbone.stages.4.0.layers.0.bn.bias - torch.Size([512]): 
PretrainedInit: load from https://download.openmmlab.com/mmsegmentation/v0.5/pretrain/stdc/stdc1_20220308-5368626c.pth 

backbone.backbone.stages.4.0.layers.1.conv.weight - torch.Size([256, 512, 3, 3]): 
PretrainedInit: load from https://download.openmmlab.com/mmsegmentation/v0.5/pretrain/stdc/stdc1_20220308-5368626c.pth 

backbone.backbone.stages.4.0.layers.1.bn.weight - torch.Size([256]): 
PretrainedInit: load from https://download.openmmlab.com/mmsegmentation/v0.5/pretrain/stdc/stdc1_20220308-5368626c.pth 

backbone.backbone.stages.4.0.layers.1.bn.bias - torch.Size([256]): 
PretrainedInit: load from https://download.openmmlab.com/mmsegmentation/v0.5/pretrain/stdc/stdc1_20220308-5368626c.pth 

backbone.backbone.stages.4.0.layers.2.conv.weight - torch.Size([128, 256, 3, 3]): 
PretrainedInit: load from https://download.openmmlab.com/mmsegmentation/v0.5/pretrain/stdc/stdc1_20220308-5368626c.pth 

backbone.backbone.stages.4.0.layers.2.bn.weight - torch.Size([128]): 
PretrainedInit: load from https://download.openmmlab.com/mmsegmentation/v0.5/pretrain/stdc/stdc1_20220308-5368626c.pth 

backbone.backbone.stages.4.0.layers.2.bn.bias - torch.Size([128]): 
PretrainedInit: load from https://download.openmmlab.com/mmsegmentation/v0.5/pretrain/stdc/stdc1_20220308-5368626c.pth 

backbone.backbone.stages.4.0.layers.3.conv.weight - torch.Size([128, 128, 3, 3]): 
PretrainedInit: load from https://download.openmmlab.com/mmsegmentation/v0.5/pretrain/stdc/stdc1_20220308-5368626c.pth 

backbone.backbone.stages.4.0.layers.3.bn.weight - torch.Size([128]): 
PretrainedInit: load from https://download.openmmlab.com/mmsegmentation/v0.5/pretrain/stdc/stdc1_20220308-5368626c.pth 

backbone.backbone.stages.4.0.layers.3.bn.bias - torch.Size([128]): 
PretrainedInit: load from https://download.openmmlab.com/mmsegmentation/v0.5/pretrain/stdc/stdc1_20220308-5368626c.pth 

backbone.backbone.stages.4.0.downsample.conv.weight - torch.Size([512, 1, 3, 3]): 
PretrainedInit: load from https://download.openmmlab.com/mmsegmentation/v0.5/pretrain/stdc/stdc1_20220308-5368626c.pth 

backbone.backbone.stages.4.0.downsample.bn.weight - torch.Size([512]): 
PretrainedInit: load from https://download.openmmlab.com/mmsegmentation/v0.5/pretrain/stdc/stdc1_20220308-5368626c.pth 

backbone.backbone.stages.4.0.downsample.bn.bias - torch.Size([512]): 
PretrainedInit: load from https://download.openmmlab.com/mmsegmentation/v0.5/pretrain/stdc/stdc1_20220308-5368626c.pth 

backbone.backbone.stages.4.1.layers.0.conv.weight - torch.Size([512, 1024, 1, 1]): 
PretrainedInit: load from https://download.openmmlab.com/mmsegmentation/v0.5/pretrain/stdc/stdc1_20220308-5368626c.pth 

backbone.backbone.stages.4.1.layers.0.bn.weight - torch.Size([512]): 
PretrainedInit: load from https://download.openmmlab.com/mmsegmentation/v0.5/pretrain/stdc/stdc1_20220308-5368626c.pth 

backbone.backbone.stages.4.1.layers.0.bn.bias - torch.Size([512]): 
PretrainedInit: load from https://download.openmmlab.com/mmsegmentation/v0.5/pretrain/stdc/stdc1_20220308-5368626c.pth 

backbone.backbone.stages.4.1.layers.1.conv.weight - torch.Size([256, 512, 3, 3]): 
PretrainedInit: load from https://download.openmmlab.com/mmsegmentation/v0.5/pretrain/stdc/stdc1_20220308-5368626c.pth 

backbone.backbone.stages.4.1.layers.1.bn.weight - torch.Size([256]): 
PretrainedInit: load from https://download.openmmlab.com/mmsegmentation/v0.5/pretrain/stdc/stdc1_20220308-5368626c.pth 

backbone.backbone.stages.4.1.layers.1.bn.bias - torch.Size([256]): 
PretrainedInit: load from https://download.openmmlab.com/mmsegmentation/v0.5/pretrain/stdc/stdc1_20220308-5368626c.pth 

backbone.backbone.stages.4.1.layers.2.conv.weight - torch.Size([128, 256, 3, 3]): 
PretrainedInit: load from https://download.openmmlab.com/mmsegmentation/v0.5/pretrain/stdc/stdc1_20220308-5368626c.pth 

backbone.backbone.stages.4.1.layers.2.bn.weight - torch.Size([128]): 
PretrainedInit: load from https://download.openmmlab.com/mmsegmentation/v0.5/pretrain/stdc/stdc1_20220308-5368626c.pth 

backbone.backbone.stages.4.1.layers.2.bn.bias - torch.Size([128]): 
PretrainedInit: load from https://download.openmmlab.com/mmsegmentation/v0.5/pretrain/stdc/stdc1_20220308-5368626c.pth 

backbone.backbone.stages.4.1.layers.3.conv.weight - torch.Size([128, 128, 3, 3]): 
PretrainedInit: load from https://download.openmmlab.com/mmsegmentation/v0.5/pretrain/stdc/stdc1_20220308-5368626c.pth 

backbone.backbone.stages.4.1.layers.3.bn.weight - torch.Size([128]): 
PretrainedInit: load from https://download.openmmlab.com/mmsegmentation/v0.5/pretrain/stdc/stdc1_20220308-5368626c.pth 

backbone.backbone.stages.4.1.layers.3.bn.bias - torch.Size([128]): 
PretrainedInit: load from https://download.openmmlab.com/mmsegmentation/v0.5/pretrain/stdc/stdc1_20220308-5368626c.pth 

backbone.arms.0.conv_layer.conv.weight - torch.Size([128, 1024, 3, 3]): 
Initialized by user-defined `init_weights` in ConvModule  

backbone.arms.0.conv_layer.bn.weight - torch.Size([128]): 
The value is the same before and after calling `init_weights` of EncoderDecoder  

backbone.arms.0.conv_layer.bn.bias - torch.Size([128]): 
The value is the same before and after calling `init_weights` of EncoderDecoder  

backbone.arms.0.atten_conv_layer.1.conv.weight - torch.Size([128, 128, 1, 1]): 
The value is the same before and after calling `init_weights` of EncoderDecoder  

backbone.arms.0.atten_conv_layer.1.bn.weight - torch.Size([128]): 
The value is the same before and after calling `init_weights` of EncoderDecoder  

backbone.arms.0.atten_conv_layer.1.bn.bias - torch.Size([128]): 
The value is the same before and after calling `init_weights` of EncoderDecoder  

backbone.arms.1.conv_layer.conv.weight - torch.Size([128, 512, 3, 3]): 
Initialized by user-defined `init_weights` in ConvModule  

backbone.arms.1.conv_layer.bn.weight - torch.Size([128]): 
The value is the same before and after calling `init_weights` of EncoderDecoder  

backbone.arms.1.conv_layer.bn.bias - torch.Size([128]): 
The value is the same before and after calling `init_weights` of EncoderDecoder  

backbone.arms.1.atten_conv_layer.1.conv.weight - torch.Size([128, 128, 1, 1]): 
The value is the same before and after calling `init_weights` of EncoderDecoder  

backbone.arms.1.atten_conv_layer.1.bn.weight - torch.Size([128]): 
The value is the same before and after calling `init_weights` of EncoderDecoder  

backbone.arms.1.atten_conv_layer.1.bn.bias - torch.Size([128]): 
The value is the same before and after calling `init_weights` of EncoderDecoder  

backbone.convs.0.conv.weight - torch.Size([128, 128, 3, 3]): 
Initialized by user-defined `init_weights` in ConvModule  

backbone.convs.0.bn.weight - torch.Size([128]): 
The value is the same before and after calling `init_weights` of EncoderDecoder  

backbone.convs.0.bn.bias - torch.Size([128]): 
The value is the same before and after calling `init_weights` of EncoderDecoder  

backbone.convs.1.conv.weight - torch.Size([128, 128, 3, 3]): 
Initialized by user-defined `init_weights` in ConvModule  

backbone.convs.1.bn.weight - torch.Size([128]): 
The value is the same before and after calling `init_weights` of EncoderDecoder  

backbone.convs.1.bn.bias - torch.Size([128]): 
The value is the same before and after calling `init_weights` of EncoderDecoder  

backbone.conv_avg.conv.weight - torch.Size([128, 1024, 1, 1]): 
Initialized by user-defined `init_weights` in ConvModule  

backbone.conv_avg.bn.weight - torch.Size([128]): 
The value is the same before and after calling `init_weights` of EncoderDecoder  

backbone.conv_avg.bn.bias - torch.Size([128]): 
The value is the same before and after calling `init_weights` of EncoderDecoder  

backbone.ffm.conv0.conv.weight - torch.Size([256, 384, 1, 1]): 
Initialized by user-defined `init_weights` in ConvModule  

backbone.ffm.conv0.bn.weight - torch.Size([256]): 
The value is the same before and after calling `init_weights` of EncoderDecoder  

backbone.ffm.conv0.bn.bias - torch.Size([256]): 
The value is the same before and after calling `init_weights` of EncoderDecoder  

backbone.ffm.attention.1.conv.weight - torch.Size([64, 256, 1, 1]): 
The value is the same before and after calling `init_weights` of EncoderDecoder  

backbone.ffm.attention.2.conv.weight - torch.Size([256, 64, 1, 1]): 
The value is the same before and after calling `init_weights` of EncoderDecoder  

decode_head.conv_seg.weight - torch.Size([19, 256, 1, 1]): 
NormalInit: mean=0, std=0.01, bias=0 

decode_head.conv_seg.bias - torch.Size([19]): 
NormalInit: mean=0, std=0.01, bias=0 

decode_head.convs.0.conv.weight - torch.Size([256, 256, 3, 3]): 
The value is the same before and after calling `init_weights` of EncoderDecoder  

decode_head.convs.0.bn.weight - torch.Size([256]): 
The value is the same before and after calling `init_weights` of EncoderDecoder  

decode_head.convs.0.bn.bias - torch.Size([256]): 
The value is the same before and after calling `init_weights` of EncoderDecoder  

auxiliary_head.0.conv_seg.weight - torch.Size([19, 64, 1, 1]): 
The value is the same before and after calling `init_weights` of EncoderDecoder  

auxiliary_head.0.conv_seg.bias - torch.Size([19]): 
The value is the same before and after calling `init_weights` of EncoderDecoder  

auxiliary_head.0.convs.0.conv.weight - torch.Size([64, 128, 3, 3]): 
The value is the same before and after calling `init_weights` of EncoderDecoder  

auxiliary_head.0.convs.0.bn.weight - torch.Size([64]): 
The value is the same before and after calling `init_weights` of EncoderDecoder  

auxiliary_head.0.convs.0.bn.bias - torch.Size([64]): 
The value is the same before and after calling `init_weights` of EncoderDecoder  

auxiliary_head.1.conv_seg.weight - torch.Size([19, 64, 1, 1]): 
The value is the same before and after calling `init_weights` of EncoderDecoder  

auxiliary_head.1.conv_seg.bias - torch.Size([19]): 
The value is the same before and after calling `init_weights` of EncoderDecoder  

auxiliary_head.1.convs.0.conv.weight - torch.Size([64, 128, 3, 3]): 
The value is the same before and after calling `init_weights` of EncoderDecoder  

auxiliary_head.1.convs.0.bn.weight - torch.Size([64]): 
The value is the same before and after calling `init_weights` of EncoderDecoder  

auxiliary_head.1.convs.0.bn.bias - torch.Size([64]): 
The value is the same before and after calling `init_weights` of EncoderDecoder  

auxiliary_head.2.fusion_kernel - torch.Size([1, 3, 1, 1]): 
The value is the same before and after calling `init_weights` of EncoderDecoder  

auxiliary_head.2.conv_seg.weight - torch.Size([2, 64, 1, 1]): 
The value is the same before and after calling `init_weights` of EncoderDecoder  

auxiliary_head.2.conv_seg.bias - torch.Size([2]): 
The value is the same before and after calling `init_weights` of EncoderDecoder  

auxiliary_head.2.convs.0.conv.weight - torch.Size([64, 256, 3, 3]): 
The value is the same before and after calling `init_weights` of EncoderDecoder  

auxiliary_head.2.convs.0.bn.weight - torch.Size([64]): 
The value is the same before and after calling `init_weights` of EncoderDecoder  

auxiliary_head.2.convs.0.bn.bias - torch.Size([64]): 
The value is the same before and after calling `init_weights` of EncoderDecoder  
2023-05-03 15:20:07,210 - mmseg - INFO - EncoderDecoder(
  (backbone): STDCContextPathNet(
    (backbone): STDCNet(
      (stages): ModuleList(
        (0): ConvModule(
          (conv): Conv2d(3, 32, kernel_size=(3, 3), stride=(2, 2), padding=(1, 1), bias=False)
          (bn): BatchNorm2d(32, eps=1e-05, momentum=0.1, affine=True, track_running_stats=True)
          (activate): ReLU(inplace=True)
        )
        (1): ConvModule(
          (conv): Conv2d(32, 64, kernel_size=(3, 3), stride=(2, 2), padding=(1, 1), bias=False)
          (bn): BatchNorm2d(64, eps=1e-05, momentum=0.1, affine=True, track_running_stats=True)
          (activate): ReLU(inplace=True)
        )
        (2): Sequential(
          (0): STDCModule(
            (layers): ModuleList(
              (0): ConvModule(
                (conv): Conv2d(64, 128, kernel_size=(1, 1), stride=(1, 1), bias=False)
                (bn): BatchNorm2d(128, eps=1e-05, momentum=0.1, affine=True, track_running_stats=True)
                (activate): ReLU(inplace=True)
              )
              (1): ConvModule(
                (conv): Conv2d(128, 64, kernel_size=(3, 3), stride=(1, 1), padding=(1, 1), bias=False)
                (bn): BatchNorm2d(64, eps=1e-05, momentum=0.1, affine=True, track_running_stats=True)
                (activate): ReLU(inplace=True)
              )
              (2): ConvModule(
                (conv): Conv2d(64, 32, kernel_size=(3, 3), stride=(1, 1), padding=(1, 1), bias=False)
                (bn): BatchNorm2d(32, eps=1e-05, momentum=0.1, affine=True, track_running_stats=True)
                (activate): ReLU(inplace=True)
              )
              (3): ConvModule(
                (conv): Conv2d(32, 32, kernel_size=(3, 3), stride=(1, 1), padding=(1, 1), bias=False)
                (bn): BatchNorm2d(32, eps=1e-05, momentum=0.1, affine=True, track_running_stats=True)
                (activate): ReLU(inplace=True)
              )
            )
            (downsample): ConvModule(
              (conv): Conv2d(128, 128, kernel_size=(3, 3), stride=(2, 2), padding=(1, 1), groups=128, bias=False)
              (bn): BatchNorm2d(128, eps=1e-05, momentum=0.1, affine=True, track_running_stats=True)
            )
            (skip): AvgPool2d(kernel_size=3, stride=2, padding=1)
          )
          (1): STDCModule(
            (layers): ModuleList(
              (0): ConvModule(
                (conv): Conv2d(256, 128, kernel_size=(1, 1), stride=(1, 1), bias=False)
                (bn): BatchNorm2d(128, eps=1e-05, momentum=0.1, affine=True, track_running_stats=True)
                (activate): ReLU(inplace=True)
              )
              (1): ConvModule(
                (conv): Conv2d(128, 64, kernel_size=(3, 3), stride=(1, 1), padding=(1, 1), bias=False)
                (bn): BatchNorm2d(64, eps=1e-05, momentum=0.1, affine=True, track_running_stats=True)
                (activate): ReLU(inplace=True)
              )
              (2): ConvModule(
                (conv): Conv2d(64, 32, kernel_size=(3, 3), stride=(1, 1), padding=(1, 1), bias=False)
                (bn): BatchNorm2d(32, eps=1e-05, momentum=0.1, affine=True, track_running_stats=True)
                (activate): ReLU(inplace=True)
              )
              (3): ConvModule(
                (conv): Conv2d(32, 32, kernel_size=(3, 3), stride=(1, 1), padding=(1, 1), bias=False)
                (bn): BatchNorm2d(32, eps=1e-05, momentum=0.1, affine=True, track_running_stats=True)
                (activate): ReLU(inplace=True)
              )
            )
          )
        )
        (3): Sequential(
          (0): STDCModule(
            (layers): ModuleList(
              (0): ConvModule(
                (conv): Conv2d(256, 256, kernel_size=(1, 1), stride=(1, 1), bias=False)
                (bn): BatchNorm2d(256, eps=1e-05, momentum=0.1, affine=True, track_running_stats=True)
                (activate): ReLU(inplace=True)
              )
              (1): ConvModule(
                (conv): Conv2d(256, 128, kernel_size=(3, 3), stride=(1, 1), padding=(1, 1), bias=False)
                (bn): BatchNorm2d(128, eps=1e-05, momentum=0.1, affine=True, track_running_stats=True)
                (activate): ReLU(inplace=True)
              )
              (2): ConvModule(
                (conv): Conv2d(128, 64, kernel_size=(3, 3), stride=(1, 1), padding=(1, 1), bias=False)
                (bn): BatchNorm2d(64, eps=1e-05, momentum=0.1, affine=True, track_running_stats=True)
                (activate): ReLU(inplace=True)
              )
              (3): ConvModule(
                (conv): Conv2d(64, 64, kernel_size=(3, 3), stride=(1, 1), padding=(1, 1), bias=False)
                (bn): BatchNorm2d(64, eps=1e-05, momentum=0.1, affine=True, track_running_stats=True)
                (activate): ReLU(inplace=True)
              )
            )
            (downsample): ConvModule(
              (conv): Conv2d(256, 256, kernel_size=(3, 3), stride=(2, 2), padding=(1, 1), groups=256, bias=False)
              (bn): BatchNorm2d(256, eps=1e-05, momentum=0.1, affine=True, track_running_stats=True)
            )
            (skip): AvgPool2d(kernel_size=3, stride=2, padding=1)
          )
          (1): STDCModule(
            (layers): ModuleList(
              (0): ConvModule(
                (conv): Conv2d(512, 256, kernel_size=(1, 1), stride=(1, 1), bias=False)
                (bn): BatchNorm2d(256, eps=1e-05, momentum=0.1, affine=True, track_running_stats=True)
                (activate): ReLU(inplace=True)
              )
              (1): ConvModule(
                (conv): Conv2d(256, 128, kernel_size=(3, 3), stride=(1, 1), padding=(1, 1), bias=False)
                (bn): BatchNorm2d(128, eps=1e-05, momentum=0.1, affine=True, track_running_stats=True)
                (activate): ReLU(inplace=True)
              )
              (2): ConvModule(
                (conv): Conv2d(128, 64, kernel_size=(3, 3), stride=(1, 1), padding=(1, 1), bias=False)
                (bn): BatchNorm2d(64, eps=1e-05, momentum=0.1, affine=True, track_running_stats=True)
                (activate): ReLU(inplace=True)
              )
              (3): ConvModule(
                (conv): Conv2d(64, 64, kernel_size=(3, 3), stride=(1, 1), padding=(1, 1), bias=False)
                (bn): BatchNorm2d(64, eps=1e-05, momentum=0.1, affine=True, track_running_stats=True)
                (activate): ReLU(inplace=True)
              )
            )
          )
        )
        (4): Sequential(
          (0): STDCModule(
            (layers): ModuleList(
              (0): ConvModule(
                (conv): Conv2d(512, 512, kernel_size=(1, 1), stride=(1, 1), bias=False)
                (bn): BatchNorm2d(512, eps=1e-05, momentum=0.1, affine=True, track_running_stats=True)
                (activate): ReLU(inplace=True)
              )
              (1): ConvModule(
                (conv): Conv2d(512, 256, kernel_size=(3, 3), stride=(1, 1), padding=(1, 1), bias=False)
                (bn): BatchNorm2d(256, eps=1e-05, momentum=0.1, affine=True, track_running_stats=True)
                (activate): ReLU(inplace=True)
              )
              (2): ConvModule(
                (conv): Conv2d(256, 128, kernel_size=(3, 3), stride=(1, 1), padding=(1, 1), bias=False)
                (bn): BatchNorm2d(128, eps=1e-05, momentum=0.1, affine=True, track_running_stats=True)
                (activate): ReLU(inplace=True)
              )
              (3): ConvModule(
                (conv): Conv2d(128, 128, kernel_size=(3, 3), stride=(1, 1), padding=(1, 1), bias=False)
                (bn): BatchNorm2d(128, eps=1e-05, momentum=0.1, affine=True, track_running_stats=True)
                (activate): ReLU(inplace=True)
              )
            )
            (downsample): ConvModule(
              (conv): Conv2d(512, 512, kernel_size=(3, 3), stride=(2, 2), padding=(1, 1), groups=512, bias=False)
              (bn): BatchNorm2d(512, eps=1e-05, momentum=0.1, affine=True, track_running_stats=True)
            )
            (skip): AvgPool2d(kernel_size=3, stride=2, padding=1)
          )
          (1): STDCModule(
            (layers): ModuleList(
              (0): ConvModule(
                (conv): Conv2d(1024, 512, kernel_size=(1, 1), stride=(1, 1), bias=False)
                (bn): BatchNorm2d(512, eps=1e-05, momentum=0.1, affine=True, track_running_stats=True)
                (activate): ReLU(inplace=True)
              )
              (1): ConvModule(
                (conv): Conv2d(512, 256, kernel_size=(3, 3), stride=(1, 1), padding=(1, 1), bias=False)
                (bn): BatchNorm2d(256, eps=1e-05, momentum=0.1, affine=True, track_running_stats=True)
                (activate): ReLU(inplace=True)
              )
              (2): ConvModule(
                (conv): Conv2d(256, 128, kernel_size=(3, 3), stride=(1, 1), padding=(1, 1), bias=False)
                (bn): BatchNorm2d(128, eps=1e-05, momentum=0.1, affine=True, track_running_stats=True)
                (activate): ReLU(inplace=True)
              )
              (3): ConvModule(
                (conv): Conv2d(128, 128, kernel_size=(3, 3), stride=(1, 1), padding=(1, 1), bias=False)
                (bn): BatchNorm2d(128, eps=1e-05, momentum=0.1, affine=True, track_running_stats=True)
                (activate): ReLU(inplace=True)
              )
            )
          )
        )
      )
    )
    init_cfg={'type': 'Pretrained', 'checkpoint': 'https://download.openmmlab.com/mmsegmentation/v0.5/pretrain/stdc/stdc1_20220308-5368626c.pth'}
    (arms): ModuleList(
      (0): AttentionRefinementModule(
        (conv_layer): ConvModule(
          (conv): Conv2d(1024, 128, kernel_size=(3, 3), stride=(1, 1), padding=(1, 1), bias=False)
          (bn): BatchNorm2d(128, eps=1e-05, momentum=0.1, affine=True, track_running_stats=True)
          (activate): ReLU(inplace=True)
        )
        (atten_conv_layer): Sequential(
          (0): AdaptiveAvgPool2d(output_size=(1, 1))
          (1): ConvModule(
            (conv): Conv2d(128, 128, kernel_size=(1, 1), stride=(1, 1), bias=False)
            (bn): BatchNorm2d(128, eps=1e-05, momentum=0.1, affine=True, track_running_stats=True)
          )
          (2): Sigmoid()
        )
      )
      (1): AttentionRefinementModule(
        (conv_layer): ConvModule(
          (conv): Conv2d(512, 128, kernel_size=(3, 3), stride=(1, 1), padding=(1, 1), bias=False)
          (bn): BatchNorm2d(128, eps=1e-05, momentum=0.1, affine=True, track_running_stats=True)
          (activate): ReLU(inplace=True)
        )
        (atten_conv_layer): Sequential(
          (0): AdaptiveAvgPool2d(output_size=(1, 1))
          (1): ConvModule(
            (conv): Conv2d(128, 128, kernel_size=(1, 1), stride=(1, 1), bias=False)
            (bn): BatchNorm2d(128, eps=1e-05, momentum=0.1, affine=True, track_running_stats=True)
          )
          (2): Sigmoid()
        )
      )
    )
    (convs): ModuleList(
      (0): ConvModule(
        (conv): Conv2d(128, 128, kernel_size=(3, 3), stride=(1, 1), padding=(1, 1), bias=False)
        (bn): BatchNorm2d(128, eps=1e-05, momentum=0.1, affine=True, track_running_stats=True)
        (activate): ReLU(inplace=True)
      )
      (1): ConvModule(
        (conv): Conv2d(128, 128, kernel_size=(3, 3), stride=(1, 1), padding=(1, 1), bias=False)
        (bn): BatchNorm2d(128, eps=1e-05, momentum=0.1, affine=True, track_running_stats=True)
        (activate): ReLU(inplace=True)
      )
    )
    (conv_avg): ConvModule(
      (conv): Conv2d(1024, 128, kernel_size=(1, 1), stride=(1, 1), bias=False)
      (bn): BatchNorm2d(128, eps=1e-05, momentum=0.1, affine=True, track_running_stats=True)
      (activate): ReLU(inplace=True)
    )
    (ffm): FeatureFusionModule(
      (conv0): ConvModule(
        (conv): Conv2d(384, 256, kernel_size=(1, 1), stride=(1, 1), bias=False)
        (bn): BatchNorm2d(256, eps=1e-05, momentum=0.1, affine=True, track_running_stats=True)
        (activate): ReLU(inplace=True)
      )
      (attention): Sequential(
        (0): AdaptiveAvgPool2d(output_size=(1, 1))
        (1): ConvModule(
          (conv): Conv2d(256, 64, kernel_size=(1, 1), stride=(1, 1), bias=False)
          (activate): ReLU(inplace=True)
        )
        (2): ConvModule(
          (conv): Conv2d(64, 256, kernel_size=(1, 1), stride=(1, 1), bias=False)
        )
        (3): Sigmoid()
      )
    )
  )
  (decode_head): FCNHead(
    input_transform=None, ignore_index=255, align_corners=True
    (loss_decode): CrossEntropyLoss(avg_non_ignore=False)
    (conv_seg): Conv2d(256, 19, kernel_size=(1, 1), stride=(1, 1))
    (dropout): Dropout2d(p=0.1, inplace=False)
    (convs): Sequential(
      (0): ConvModule(
        (conv): Conv2d(256, 256, kernel_size=(3, 3), stride=(1, 1), padding=(1, 1), bias=False)
        (bn): BatchNorm2d(256, eps=1e-05, momentum=0.1, affine=True, track_running_stats=True)
        (activate): ReLU(inplace=True)
      )
    )
  )
  init_cfg={'type': 'Normal', 'std': 0.01, 'override': {'name': 'conv_seg'}}
  (auxiliary_head): ModuleList(
    (0): FCNHead(
      input_transform=None, ignore_index=255, align_corners=False
      (loss_decode): CrossEntropyLoss(avg_non_ignore=False)
      (conv_seg): Conv2d(64, 19, kernel_size=(1, 1), stride=(1, 1))
      (dropout): Dropout2d(p=0.1, inplace=False)
      (convs): Sequential(
        (0): ConvModule(
          (conv): Conv2d(128, 64, kernel_size=(3, 3), stride=(1, 1), padding=(1, 1), bias=False)
          (bn): BatchNorm2d(64, eps=1e-05, momentum=0.1, affine=True, track_running_stats=True)
          (activate): ReLU(inplace=True)
        )
      )
    )
    init_cfg={'type': 'Normal', 'std': 0.01, 'override': {'name': 'conv_seg'}}
    (1): FCNHead(
      input_transform=None, ignore_index=255, align_corners=False
      (loss_decode): CrossEntropyLoss(avg_non_ignore=False)
      (conv_seg): Conv2d(64, 19, kernel_size=(1, 1), stride=(1, 1))
      (dropout): Dropout2d(p=0.1, inplace=False)
      (convs): Sequential(
        (0): ConvModule(
          (conv): Conv2d(128, 64, kernel_size=(3, 3), stride=(1, 1), padding=(1, 1), bias=False)
          (bn): BatchNorm2d(64, eps=1e-05, momentum=0.1, affine=True, track_running_stats=True)
          (activate): ReLU(inplace=True)
        )
      )
    )
    init_cfg={'type': 'Normal', 'std': 0.01, 'override': {'name': 'conv_seg'}}
    (2): STDCHead(
      input_transform=None, ignore_index=255, align_corners=True
      (loss_decode): ModuleList(
        (0): CrossEntropyLoss(avg_non_ignore=False)
        (1): DiceLoss()
      )
      (conv_seg): Conv2d(64, 2, kernel_size=(1, 1), stride=(1, 1))
      (dropout): Dropout2d(p=0.1, inplace=False)
      (convs): Sequential(
        (0): ConvModule(
          (conv): Conv2d(256, 64, kernel_size=(3, 3), stride=(1, 1), padding=(1, 1), bias=False)
          (bn): BatchNorm2d(64, eps=1e-05, momentum=0.1, affine=True, track_running_stats=True)
          (activate): ReLU(inplace=True)
        )
      )
    )
    init_cfg={'type': 'Normal', 'std': 0.01, 'override': {'name': 'conv_seg'}}
  )
)
2023-05-03 15:20:15,925 - mmseg - INFO - Loaded 500 images
2023-05-03 15:20:15,925 - mmseg - INFO - Start running, host: linchiayi@cml9, work_dir: /tmp2/linchiayi/mmsegmentation/work_dirs/stdc1_1x24_512x1024_scale0.5_160k_cityscapes
2023-05-03 15:20:15,926 - mmseg - INFO - Hooks will be executed in the following order:
before_run:
(VERY_HIGH   ) PolyLrUpdaterHook                  
(NORMAL      ) CheckpointHook                     
(LOW         ) EvalHook                           
(VERY_LOW    ) TextLoggerHook                     
 -------------------- 
before_train_epoch:
(VERY_HIGH   ) PolyLrUpdaterHook                  
(LOW         ) IterTimerHook                      
(LOW         ) EvalHook                           
(VERY_LOW    ) TextLoggerHook                     
 -------------------- 
before_train_iter:
(VERY_HIGH   ) PolyLrUpdaterHook                  
(LOW         ) IterTimerHook                      
(LOW         ) EvalHook                           
 -------------------- 
after_train_iter:
(ABOVE_NORMAL) OptimizerHook                      
(NORMAL      ) CheckpointHook                     
(LOW         ) IterTimerHook                      
(LOW         ) EvalHook                           
(VERY_LOW    ) TextLoggerHook                     
 -------------------- 
after_train_epoch:
(NORMAL      ) CheckpointHook                     
(LOW         ) EvalHook                           
(VERY_LOW    ) TextLoggerHook                     
 -------------------- 
before_val_epoch:
(LOW         ) IterTimerHook                      
(VERY_LOW    ) TextLoggerHook                     
 -------------------- 
before_val_iter:
(LOW         ) IterTimerHook                      
 -------------------- 
after_val_iter:
(LOW         ) IterTimerHook                      
 -------------------- 
after_val_epoch:
(VERY_LOW    ) TextLoggerHook                     
 -------------------- 
after_run:
(VERY_LOW    ) TextLoggerHook                     
 -------------------- 
2023-05-03 15:20:15,926 - mmseg - INFO - workflow: [('train', 1)], max: 160000 iters
2023-05-03 15:20:15,926 - mmseg - INFO - Checkpoints will be saved to /tmp2/linchiayi/mmsegmentation/work_dirs/stdc1_1x24_512x1024_scale0.5_160k_cityscapes by HardDiskBackend.
2023-05-03 15:21:38,610 - mmseg - INFO - Iter [50/160000]	lr: 2.450e-04, eta: 3 days, 0:58:27, time: 1.642, data_time: 0.756, memory: 19452, decode.loss_ce: 1.9072, decode.acc_seg: 32.8691, aux_0.loss_ce: 2.1924, aux_0.acc_seg: 13.8919, aux_1.loss_ce: 2.0647, aux_1.acc_seg: 22.1219, aux_2.loss_ce: 0.5781, aux_2.loss_dice: 0.5144, aux_2.acc_seg: 69.0727, loss: 7.2568
2023-05-03 15:22:42,616 - mmseg - INFO - Iter [100/160000]	lr: 4.948e-04, eta: 2 days, 16:54:16, time: 1.280, data_time: 0.729, memory: 19452, decode.loss_ce: 1.2875, decode.acc_seg: 52.5651, aux_0.loss_ce: 1.3892, aux_0.acc_seg: 52.2485, aux_1.loss_ce: 1.4384, aux_1.acc_seg: 48.2219, aux_2.loss_ce: 0.2361, aux_2.loss_dice: 0.4686, aux_2.acc_seg: 96.8652, loss: 4.8198
2023-05-03 15:23:29,921 - mmseg - INFO - Iter [150/160000]	lr: 7.444e-04, eta: 2 days, 9:15:32, time: 0.946, data_time: 0.384, memory: 19452, decode.loss_ce: 0.9203, decode.acc_seg: 66.7723, aux_0.loss_ce: 0.9038, aux_0.acc_seg: 68.5524, aux_1.loss_ce: 0.9682, aux_1.acc_seg: 65.6034, aux_2.loss_ce: 0.1798, aux_2.loss_dice: 0.4132, aux_2.acc_seg: 97.0072, loss: 3.3852
2023-05-03 15:24:09,293 - mmseg - INFO - Iter [200/160000]	lr: 9.939e-04, eta: 2 days, 3:40:08, time: 0.787, data_time: 0.230, memory: 19452, decode.loss_ce: 0.6903, decode.acc_seg: 75.2344, aux_0.loss_ce: 0.7013, aux_0.acc_seg: 74.8868, aux_1.loss_ce: 0.7447, aux_1.acc_seg: 73.6133, aux_2.loss_ce: 0.1495, aux_2.loss_dice: 0.3388, aux_2.acc_seg: 96.9853, loss: 2.6246
2023-05-03 15:24:52,441 - mmseg - INFO - Iter [250/160000]	lr: 1.243e-03, eta: 2 days, 0:58:51, time: 0.863, data_time: 0.309, memory: 19452, decode.loss_ce: 0.5927, decode.acc_seg: 78.7939, aux_0.loss_ce: 0.6077, aux_0.acc_seg: 79.0044, aux_1.loss_ce: 0.6512, aux_1.acc_seg: 77.3615, aux_2.loss_ce: 0.1253, aux_2.loss_dice: 0.3225, aux_2.acc_seg: 97.0444, loss: 2.2995
2023-05-03 15:25:32,637 - mmseg - INFO - Iter [300/160000]	lr: 1.493e-03, eta: 1 day, 22:44:54, time: 0.804, data_time: 0.236, memory: 19452, decode.loss_ce: 0.5001, decode.acc_seg: 81.6744, aux_0.loss_ce: 0.5125, aux_0.acc_seg: 81.7772, aux_1.loss_ce: 0.5440, aux_1.acc_seg: 80.6355, aux_2.loss_ce: 0.1157, aux_2.loss_dice: 0.3107, aux_2.acc_seg: 97.0691, loss: 1.9830
2023-05-03 15:26:10,334 - mmseg - INFO - Iter [350/160000]	lr: 1.742e-03, eta: 1 day, 20:50:01, time: 0.754, data_time: 0.191, memory: 19452, decode.loss_ce: 0.4522, decode.acc_seg: 82.9298, aux_0.loss_ce: 0.4690, aux_0.acc_seg: 82.5096, aux_1.loss_ce: 0.4997, aux_1.acc_seg: 81.4359, aux_2.loss_ce: 0.1106, aux_2.loss_dice: 0.3029, aux_2.acc_seg: 97.1147, loss: 1.8344
2023-05-03 15:26:58,044 - mmseg - INFO - Iter [400/160000]	lr: 1.991e-03, eta: 1 day, 20:30:18, time: 0.954, data_time: 0.383, memory: 19452, decode.loss_ce: 0.4311, decode.acc_seg: 84.0987, aux_0.loss_ce: 0.4452, aux_0.acc_seg: 83.7423, aux_1.loss_ce: 0.4788, aux_1.acc_seg: 82.6494, aux_2.loss_ce: 0.1081, aux_2.loss_dice: 0.3008, aux_2.acc_seg: 97.1336, loss: 1.7641
2023-05-03 15:27:41,860 - mmseg - INFO - Iter [450/160000]	lr: 2.239e-03, eta: 1 day, 19:51:47, time: 0.876, data_time: 0.304, memory: 19452, decode.loss_ce: 0.3910, decode.acc_seg: 84.8551, aux_0.loss_ce: 0.4048, aux_0.acc_seg: 84.3591, aux_1.loss_ce: 0.4377, aux_1.acc_seg: 83.2697, aux_2.loss_ce: 0.1060, aux_2.loss_dice: 0.2942, aux_2.acc_seg: 97.1700, loss: 1.6339
2023-05-03 15:28:25,988 - mmseg - INFO - Iter [500/160000]	lr: 2.488e-03, eta: 1 day, 19:22:28, time: 0.883, data_time: 0.314, memory: 19452, decode.loss_ce: 0.4029, decode.acc_seg: 84.6766, aux_0.loss_ce: 0.4147, aux_0.acc_seg: 84.2399, aux_1.loss_ce: 0.4470, aux_1.acc_seg: 83.1623, aux_2.loss_ce: 0.1067, aux_2.loss_dice: 0.2936, aux_2.acc_seg: 97.1529, loss: 1.6649
2023-05-03 15:29:12,130 - mmseg - INFO - Iter [550/160000]	lr: 2.737e-03, eta: 1 day, 19:08:05, time: 0.923, data_time: 0.361, memory: 19452, decode.loss_ce: 0.3639, decode.acc_seg: 85.8967, aux_0.loss_ce: 0.3764, aux_0.acc_seg: 85.5294, aux_1.loss_ce: 0.4125, aux_1.acc_seg: 84.2753, aux_2.loss_ce: 0.1050, aux_2.loss_dice: 0.2895, aux_2.acc_seg: 97.1653, loss: 1.5472
2023-05-03 15:29:51,390 - mmseg - INFO - Iter [600/160000]	lr: 2.985e-03, eta: 1 day, 18:25:29, time: 0.785, data_time: 0.212, memory: 19452, decode.loss_ce: 0.3458, decode.acc_seg: 86.3334, aux_0.loss_ce: 0.3537, aux_0.acc_seg: 86.1225, aux_1.loss_ce: 0.3914, aux_1.acc_seg: 84.8261, aux_2.loss_ce: 0.1044, aux_2.loss_dice: 0.2873, aux_2.acc_seg: 97.1880, loss: 1.4825
2023-05-03 15:30:36,489 - mmseg - INFO - Iter [650/160000]	lr: 3.233e-03, eta: 1 day, 18:13:13, time: 0.902, data_time: 0.330, memory: 19452, decode.loss_ce: 0.3437, decode.acc_seg: 86.2874, aux_0.loss_ce: 0.3521, aux_0.acc_seg: 85.9256, aux_1.loss_ce: 0.3837, aux_1.acc_seg: 84.7504, aux_2.loss_ce: 0.1026, aux_2.loss_dice: 0.2835, aux_2.acc_seg: 97.2421, loss: 1.4657
2023-05-03 15:31:14,810 - mmseg - INFO - Iter [700/160000]	lr: 3.481e-03, eta: 1 day, 17:36:52, time: 0.766, data_time: 0.192, memory: 19452, decode.loss_ce: 0.3344, decode.acc_seg: 86.6697, aux_0.loss_ce: 0.3412, aux_0.acc_seg: 86.3745, aux_1.loss_ce: 0.3795, aux_1.acc_seg: 84.9607, aux_2.loss_ce: 0.1030, aux_2.loss_dice: 0.2820, aux_2.acc_seg: 97.2623, loss: 1.4401
2023-05-03 15:31:55,034 - mmseg - INFO - Iter [750/160000]	lr: 3.729e-03, eta: 1 day, 17:12:02, time: 0.804, data_time: 0.231, memory: 19452, decode.loss_ce: 0.3131, decode.acc_seg: 87.3749, aux_0.loss_ce: 0.3232, aux_0.acc_seg: 87.0294, aux_1.loss_ce: 0.3563, aux_1.acc_seg: 85.6792, aux_2.loss_ce: 0.1047, aux_2.loss_dice: 0.2816, aux_2.acc_seg: 97.1780, loss: 1.3790
2023-05-03 15:32:43,111 - mmseg - INFO - Iter [800/160000]	lr: 3.977e-03, eta: 1 day, 17:16:16, time: 0.962, data_time: 0.392, memory: 19452, decode.loss_ce: 0.3037, decode.acc_seg: 87.6703, aux_0.loss_ce: 0.3114, aux_0.acc_seg: 87.4082, aux_1.loss_ce: 0.3451, aux_1.acc_seg: 86.0603, aux_2.loss_ce: 0.1028, aux_2.loss_dice: 0.2777, aux_2.acc_seg: 97.2257, loss: 1.3406
2023-05-03 15:33:23,480 - mmseg - INFO - Iter [850/160000]	lr: 4.225e-03, eta: 1 day, 16:55:50, time: 0.807, data_time: 0.238, memory: 19452, decode.loss_ce: 0.2912, decode.acc_seg: 87.8777, aux_0.loss_ce: 0.2986, aux_0.acc_seg: 87.6396, aux_1.loss_ce: 0.3304, aux_1.acc_seg: 86.4103, aux_2.loss_ce: 0.1040, aux_2.loss_dice: 0.2785, aux_2.acc_seg: 97.1902, loss: 1.3027
